Copyright 1986-2017 Xilinx, Inc. All Rights Reserved.
------------------------------------------------------------------------------------
| Tool Version : Vivado v.2017.2 (win64) Build 1909853 Thu Jun 15 18:39:09 MDT 2017
| Date         : Thu Jul 26 15:51:26 2018
| Host         : telefonmann running 64-bit Service Pack 1  (build 7601)
| Command      : report_timing_summary -file out/post_synth_timing_summary.rpt
| Design       : red_pitaya_top
| Device       : 7z010-clg400
| Speed File   : -1  PRODUCTION 1.11 2014-09-11
------------------------------------------------------------------------------------

Timing Summary Report

------------------------------------------------------------------------------------------------
| Timer Settings
| --------------
------------------------------------------------------------------------------------------------

  Enable Multi Corner Analysis               :  Yes
  Enable Pessimism Removal                   :  Yes
  Pessimism Removal Resolution               :  Nearest Common Node
  Enable Input Delay Default Clock           :  No
  Enable Preset / Clear Arcs                 :  No
  Disable Flight Delays                      :  No
  Ignore I/O Paths                           :  No
  Timing Early Launch at Borrowing Latches   :  false

  Corner  Analyze    Analyze    
  Name    Max Paths  Min Paths  
  ------  ---------  ---------  
  Slow    Yes        Yes        
  Fast    Yes        Yes        



check_timing report

Table of Contents
-----------------
1. checking no_clock
2. checking constant_clock
3. checking pulse_width_clock
4. checking unconstrained_internal_endpoints
5. checking no_input_delay
6. checking no_output_delay
7. checking multiple_clock
8. checking generated_clocks
9. checking loops
10. checking partial_input_delay
11. checking partial_output_delay
12. checking latch_loops

1. checking no_clock
--------------------
 There is 1 register/latch pin with no clock driven by root clock pin: i_hk/dna_clk_reg/Q (HIGH)


2. checking constant_clock
--------------------------
 There are 0 register/latch pins with constant_clock.


3. checking pulse_width_clock
-----------------------------
 There are 0 register/latch pins which need pulse_width check


4. checking unconstrained_internal_endpoints
--------------------------------------------
 There are 2 pins that are not constrained for maximum delay. (HIGH)

 There are 0 pins that are not constrained for maximum delay due to constant clock.


5. checking no_input_delay
--------------------------
 There are 16 input ports with no input delay specified. (HIGH)

 There are 0 input ports with no input delay but user has a false path constraint.


6. checking no_output_delay
---------------------------
 There are 46 ports with no output delay specified. (HIGH)

 There are 0 ports with no output delay but user has a false path constraint

 There are 0 ports with no output delay but with a timing clock defined on it or propagating through it


7. checking multiple_clock
--------------------------
 There are 0 register/latch pins with multiple clocks.


8. checking generated_clocks
----------------------------
 There are 0 generated clocks that are not connected to a clock source.


9. checking loops
-----------------
 There are 0 combinational loops in the design.


10. checking partial_input_delay
--------------------------------
 There are 0 input ports with partial input delay specified.


11. checking partial_output_delay
---------------------------------
 There are 0 ports with partial output delay specified.


12. checking latch_loops
------------------------
 There are 0 combinational latch loops in the design through latch input



------------------------------------------------------------------------------------------------
| Design Timing Summary
| ---------------------
------------------------------------------------------------------------------------------------

    WNS(ns)      TNS(ns)  TNS Failing Endpoints  TNS Total Endpoints      WHS(ns)      THS(ns)  THS Failing Endpoints  THS Total Endpoints     WPWS(ns)     TPWS(ns)  TPWS Failing Endpoints  TPWS Total Endpoints  
    -------      -------  ---------------------  -------------------      -------      -------  ---------------------  -------------------     --------     --------  ----------------------  --------------------  
     -8.076     -333.754                    102                52385       -0.089       -8.201                    121                52385        1.000        0.000                       0                  7753  


Timing constraints are not met.


------------------------------------------------------------------------------------------------
| Clock Summary
| -------------
------------------------------------------------------------------------------------------------

Clock             Waveform(ns)         Period(ns)      Frequency(MHz)
-----             ------------         ----------      --------------
adc_clk           {0.000 4.000}        8.000           125.000         
  clk_fb          {0.000 4.000}        8.000           125.000         
  pll_adc_clk     {0.000 4.000}        8.000           125.000         
  pll_dac_clk_1x  {0.000 4.000}        8.000           125.000         
  pll_dac_clk_2p  {-0.500 1.500}       4.000           250.000         
  pll_dac_clk_2x  {0.000 2.000}        4.000           250.000         
  pll_pwm_clk     {0.000 2.000}        4.000           250.000         
  pll_ser_clk     {0.000 2.000}        4.000           250.000         
clk_fpga_0        {0.000 4.000}        8.000           125.000         
clk_fpga_1        {0.000 2.000}        4.000           250.000         
clk_fpga_2        {0.000 10.000}       20.000          50.000          
clk_fpga_3        {0.000 2.500}        5.000           200.000         
rx_clk            {0.000 2.000}        4.000           250.000         


------------------------------------------------------------------------------------------------
| Intra Clock Table
| -----------------
------------------------------------------------------------------------------------------------

Clock                 WNS(ns)      TNS(ns)  TNS Failing Endpoints  TNS Total Endpoints      WHS(ns)      THS(ns)  THS Failing Endpoints  THS Total Endpoints     WPWS(ns)     TPWS(ns)  TPWS Failing Endpoints  TPWS Total Endpoints  
-----                 -------      -------  ---------------------  -------------------      -------      -------  ---------------------  -------------------     --------     --------  ----------------------  --------------------  
adc_clk                                                                                                                                                             2.000        0.000                       0                     1  
  clk_fb                                                                                                                                                            6.751        0.000                       0                     2  
  pll_adc_clk          -8.076     -321.481                     74                49901        0.119        0.000                      0                49901        2.750        0.000                       0                  6520  
  pll_dac_clk_1x        1.626        0.000                      0                   45       -0.089       -1.334                     15                   45        3.500        0.000                       0                    47  
  pll_dac_clk_2p                                                                                                                                                    1.845        0.000                       0                     3  
  pll_dac_clk_2x                                                                                                                                                    1.845        0.000                       0                     3  
  pll_pwm_clk           0.182        0.000                      0                  408        0.125        0.000                      0                  408        1.500        0.000                       0                   215  
  pll_ser_clk                                                                                                                                                       1.845        0.000                       0                     2  
clk_fpga_0                                                                                                                                                          5.845        0.000                       0                     2  
clk_fpga_1                                                                                                                                                          1.845        0.000                       0                     2  
clk_fpga_2                                                                                                                                                         17.845        0.000                       0                     2  
clk_fpga_3             -0.646      -12.274                     28                 1943        0.007        0.000                      0                 1943        1.000        0.000                       0                   954  


------------------------------------------------------------------------------------------------
| Inter Clock Table
| -----------------
------------------------------------------------------------------------------------------------

From Clock      To Clock            WNS(ns)      TNS(ns)  TNS Failing Endpoints  TNS Total Endpoints      WHS(ns)      THS(ns)  THS Failing Endpoints  THS Total Endpoints  
----------      --------            -------      -------  ---------------------  -------------------      -------      -------  ---------------------  -------------------  
adc_clk         pll_adc_clk           4.849        0.000                      0                   28        1.266        0.000                      0                   28  
pll_adc_clk     pll_dac_clk_1x        4.530        0.000                      0                   28       -0.071       -0.973                     14                   28  
pll_adc_clk     pll_pwm_clk           2.077        0.000                      0                   96       -0.071       -5.894                     92                   96  


------------------------------------------------------------------------------------------------
| Other Path Groups Table
| -----------------------
------------------------------------------------------------------------------------------------

Path Group    From Clock    To Clock          WNS(ns)      TNS(ns)  TNS Failing Endpoints  TNS Total Endpoints      WHS(ns)      THS(ns)  THS Failing Endpoints  THS Total Endpoints  
----------    ----------    --------          -------      -------  ---------------------  -------------------      -------      -------  ---------------------  -------------------  


------------------------------------------------------------------------------------------------
| Timing Details
| --------------
------------------------------------------------------------------------------------------------


---------------------------------------------------------------------------------------------------
From Clock:  adc_clk
  To Clock:  adc_clk

Setup :           NA  Failing Endpoints,  Worst Slack           NA  ,  Total Violation           NA
Hold  :           NA  Failing Endpoints,  Worst Slack           NA  ,  Total Violation           NA
PW    :            0  Failing Endpoints,  Worst Slack        2.000ns,  Total Violation        0.000ns
---------------------------------------------------------------------------------------------------


Pulse Width Checks
--------------------------------------------------------------------------------------
Clock Name:         adc_clk
Waveform(ns):       { 0.000 4.000 }
Period(ns):         8.000
Sources:            { adc_clk_i[1] }

Check Type        Corner  Lib Pin           Reference Pin  Required(ns)  Actual(ns)  Slack(ns)  Location  Pin
Min Period        n/a     PLLE2_ADV/CLKIN1  n/a            1.249         8.000       6.751                pll/pll/CLKIN1
Max Period        n/a     PLLE2_ADV/CLKIN1  n/a            52.633        8.000       44.633               pll/pll/CLKIN1
Low Pulse Width   Slow    PLLE2_ADV/CLKIN1  n/a            2.000         4.000       2.000                pll/pll/CLKIN1
High Pulse Width  Slow    PLLE2_ADV/CLKIN1  n/a            2.000         4.000       2.000                pll/pll/CLKIN1



---------------------------------------------------------------------------------------------------
From Clock:  clk_fb
  To Clock:  clk_fb

Setup :           NA  Failing Endpoints,  Worst Slack           NA  ,  Total Violation           NA
Hold  :           NA  Failing Endpoints,  Worst Slack           NA  ,  Total Violation           NA
PW    :            0  Failing Endpoints,  Worst Slack        6.751ns,  Total Violation        0.000ns
---------------------------------------------------------------------------------------------------


Pulse Width Checks
--------------------------------------------------------------------------------------
Clock Name:         clk_fb
Waveform(ns):       { 0.000 4.000 }
Period(ns):         8.000
Sources:            { pll/pll/CLKFBOUT }

Check Type  Corner  Lib Pin             Reference Pin  Required(ns)  Actual(ns)  Slack(ns)  Location  Pin
Min Period  n/a     PLLE2_ADV/CLKFBOUT  n/a            1.249         8.000       6.751                pll/pll/CLKFBOUT
Max Period  n/a     PLLE2_ADV/CLKFBIN   n/a            52.633        8.000       44.633               pll/pll/CLKFBIN



---------------------------------------------------------------------------------------------------
From Clock:  pll_adc_clk
  To Clock:  pll_adc_clk

Setup :           74  Failing Endpoints,  Worst Slack       -8.076ns,  Total Violation     -321.481ns
Hold  :            0  Failing Endpoints,  Worst Slack        0.119ns,  Total Violation        0.000ns
PW    :            0  Failing Endpoints,  Worst Slack        2.750ns,  Total Violation        0.000ns
---------------------------------------------------------------------------------------------------


Max Delay Paths
--------------------------------------------------------------------------------------
Slack (VIOLATED) :        -8.076ns  (required time - arrival time)
  Source:                 i_pgen/sp_delay_1_i_reg[0]/C
                            (rising edge-triggered cell FDRE clocked by pll_adc_clk  {rise@0.000ns fall@4.000ns period=8.000ns})
  Destination:            i_pgen/int_sum/A[13]
                            (rising edge-triggered cell DSP48E1 clocked by pll_adc_clk  {rise@0.000ns fall@4.000ns period=8.000ns})
  Path Group:             pll_adc_clk
  Path Type:              Setup (Max at Slow Process Corner)
  Requirement:            8.000ns  (pll_adc_clk rise@8.000ns - pll_adc_clk rise@0.000ns)
  Data Path Delay:        15.321ns  (logic 8.721ns (56.921%)  route 6.600ns (43.079%))
  Logic Levels:           16  (CARRY4=6 DSP48E1=1 LUT1=1 LUT2=1 LUT3=1 LUT6=2 MUXF7=2 MUXF8=1 RAMD64E=1)
  Clock Path Skew:        -0.145ns (DCD - SCD + CPR)
    Destination Clock Delay (DCD):    2.969ns = ( 10.969 - 8.000 ) 
    Source Clock Delay      (SCD):    3.357ns
    Clock Pessimism Removal (CPR):    0.243ns
  Clock Uncertainty:      0.069ns  ((TSJ^2 + DJ^2)^1/2) / 2 + PE
    Total System Jitter     (TSJ):    0.071ns
    Discrete Jitter          (DJ):    0.118ns
    Phase Error              (PE):    0.000ns

    Location             Delay type                Incr(ns)  Path(ns)    Netlist Resource(s)
  -------------------------------------------------------------------    -------------------
                         (clock pll_adc_clk rise edge)
                                                      0.000     0.000 r  
    U18                                               0.000     0.000 r  adc_clk_i[1] (IN)
                         net (fo=0)                   0.000     0.000    adc_clk_i[1]
    U18                  IBUFDS (Prop_ibufds_I_O)     0.983     0.983 r  i_clk/O
                         net (fo=1, unplaced)         0.584     1.567    pll/clk
                         PLLE2_ADV (Prop_plle2_adv_CLKIN1_CLKOUT0)
                                                      0.089     1.656 r  pll/pll/CLKOUT0
                         net (fo=1, unplaced)         0.800     2.456    pll_adc_clk
                         BUFG (Prop_bufg_I_O)         0.101     2.557 r  bufg_adc_clk/O
                         net (fo=6520, unplaced)      0.800     3.357    i_pgen/clk_i
                         FDRE                                         r  i_pgen/sp_delay_1_i_reg[0]/C
  -------------------------------------------------------------------    -------------------
                         FDRE (Prop_fdre_C_Q)         0.456     3.813 f  i_pgen/sp_delay_1_i_reg[0]/Q
                         net (fo=5, unplaced)         0.339     4.152    i_pgen/sp_delay_1_i_reg_n_0_[0]
                         LUT1 (Prop_lut1_I0_O)        0.295     4.447 r  i_pgen/wave2_reg_r2_0_63_0_2_i_19/O
                         net (fo=1, unplaced)         0.333     4.780    i_pgen/wave2_reg_r2_0_63_0_2_i_19_n_0
                         CARRY4 (Prop_carry4_CYINIT_O[2])
                                                      0.600     5.380 r  i_pgen/wave2_reg_r2_0_63_0_2_i_14/O[2]
                         net (fo=1, unplaced)         0.452     5.832    i_pgen/p_0_in__1[3]
                         LUT2 (Prop_lut2_I1_O)        0.301     6.133 r  i_pgen/wave2_reg_r2_0_63_0_2_i_9/O
                         net (fo=1, unplaced)         0.000     6.133    i_pgen/wave2_reg_r2_0_63_0_2_i_9_n_0
                         CARRY4 (Prop_carry4_S[3]_CO[3])
                                                      0.401     6.534 r  i_pgen/wave2_reg_r2_0_63_0_2_i_3/CO[3]
                         net (fo=1, unplaced)         0.000     6.534    i_pgen/wave2_reg_r2_0_63_0_2_i_3_n_0
                         CARRY4 (Prop_carry4_CI_O[0])
                                                      0.235     6.769 r  i_pgen/wave2_reg_r2_0_63_0_2_i_2/O[0]
                         net (fo=1680, unplaced)      0.610     7.379    i_pgen/wave2_reg_r2_3456_3519_12_14/ADDRC4
                         RAMD64E (Prop_ramd64e_RADR4_O)
                                                      0.295     7.674 r  i_pgen/wave2_reg_r2_3456_3519_12_14/RAMC/O
                         net (fo=1, unplaced)         1.111     8.785    i_pgen/wave2_reg_r2_3456_3519_12_14_n_2
                         LUT6 (Prop_lut6_I1_O)        0.124     8.909 r  i_pgen/error2_i_375/O
                         net (fo=1, unplaced)         0.000     8.909    i_pgen/error2_i_375_n_0
                         MUXF7 (Prop_muxf7_I1_O)      0.245     9.154 r  i_pgen/error2_i_160/O
                         net (fo=1, unplaced)         0.000     9.154    i_pgen/error2_i_160_n_0
                         MUXF8 (Prop_muxf8_I0_O)      0.104     9.258 r  i_pgen/error2_i_50/O
                         net (fo=1, unplaced)         0.717     9.975    i_pgen/error2_i_50_n_0
                         LUT6 (Prop_lut6_I0_O)        0.319    10.294 r  i_pgen/error2_i_18/O
                         net (fo=1, unplaced)         0.000    10.294    i_pgen/error2_i_18_n_0
                         MUXF7 (Prop_muxf7_I0_O)      0.238    10.532 r  i_pgen/error2_i_2/O
                         net (fo=16, unplaced)        0.800    11.331    i_pgen/error3[14]
                         DSP48E1 (Prop_dsp48e1_A[29]_P[19])
                                                      4.015    15.346 r  i_pgen/error2/P[19]
                         net (fo=3, unplaced)         0.800    16.146    i_pgen/p_0_in1_in[4]
                         LUT3 (Prop_lut3_I2_O)        0.124    16.270 r  i_pgen/int_sum_i_42/O
                         net (fo=1, unplaced)         0.639    16.909    i_pgen/int_sum_i_42_n_0
                         CARRY4 (Prop_carry4_DI[1]_CO[3])
                                                      0.507    17.416 r  i_pgen/int_sum_i_5/CO[3]
                         net (fo=1, unplaced)         0.000    17.416    i_pgen/int_sum_i_5_n_0
                         CARRY4 (Prop_carry4_CI_CO[3])
                                                      0.114    17.530 r  i_pgen/int_sum_i_4/CO[3]
                         net (fo=1, unplaced)         0.000    17.530    i_pgen/int_sum_i_4_n_0
                         CARRY4 (Prop_carry4_CI_O[1])
                                                      0.348    17.878 r  i_pgen/int_sum_i_3/O[1]
                         net (fo=2, unplaced)         0.800    18.678    i_pgen/A[13]
                         DSP48E1                                      r  i_pgen/int_sum/A[13]
  -------------------------------------------------------------------    -------------------

                         (clock pll_adc_clk rise edge)
                                                      8.000     8.000 r  
    U18                                               0.000     8.000 r  adc_clk_i[1] (IN)
                         net (fo=0)                   0.000     8.000    adc_clk_i[1]
    U18                  IBUFDS (Prop_ibufds_I_O)     0.940     8.940 r  i_clk/O
                         net (fo=1, unplaced)         0.439     9.379    pll/clk
                         PLLE2_ADV (Prop_plle2_adv_CLKIN1_CLKOUT0)
                                                      0.084     9.463 r  pll/pll/CLKOUT0
                         net (fo=1, unplaced)         0.760    10.223    pll_adc_clk
                         BUFG (Prop_bufg_I_O)         0.091    10.314 r  bufg_adc_clk/O
                         net (fo=6520, unplaced)      0.655    10.969    i_pgen/clk_i
                         DSP48E1                                      r  i_pgen/int_sum/CLK
                         clock pessimism              0.243    11.212    
                         clock uncertainty           -0.069    11.143    
                         DSP48E1 (Setup_dsp48e1_CLK_A[13])
                                                     -0.541    10.602    i_pgen/int_sum
  -------------------------------------------------------------------
                         required time                         10.602    
                         arrival time                         -18.678    
  -------------------------------------------------------------------
                         slack                                 -8.076    





Min Delay Paths
--------------------------------------------------------------------------------------
Slack (MET) :             0.119ns  (arrival time - required time)
  Source:                 ps/axi_slave_gp0/wr_wdata_reg[14]/C
                            (rising edge-triggered cell FDRE clocked by pll_adc_clk  {rise@0.000ns fall@4.000ns period=8.000ns})
  Destination:            i_pgen/wave2_reg_0_127_14_14/DP.HIGH/I
                            (rising edge-triggered cell RAMD64E clocked by pll_adc_clk  {rise@0.000ns fall@4.000ns period=8.000ns})
  Path Group:             pll_adc_clk
  Path Type:              Hold (Min at Fast Process Corner)
  Requirement:            0.000ns  (pll_adc_clk rise@0.000ns - pll_adc_clk rise@0.000ns)
  Data Path Delay:        0.358ns  (logic 0.141ns (39.423%)  route 0.217ns (60.577%))
  Logic Levels:           0  
  Clock Path Skew:        0.145ns (DCD - SCD - CPR)
    Destination Clock Delay (DCD):    1.485ns
    Source Clock Delay      (SCD):    1.139ns
    Clock Pessimism Removal (CPR):    0.200ns

    Location             Delay type                Incr(ns)  Path(ns)    Netlist Resource(s)
  -------------------------------------------------------------------    -------------------
                         (clock pll_adc_clk rise edge)
                                                      0.000     0.000 r  
    U18                                               0.000     0.000 r  adc_clk_i[1] (IN)
                         net (fo=0)                   0.000     0.000    adc_clk_i[1]
    U18                  IBUFDS (Prop_ibufds_I_O)     0.401     0.401 r  i_clk/O
                         net (fo=1, unplaced)         0.114     0.515    pll/clk
                         PLLE2_ADV (Prop_plle2_adv_CLKIN1_CLKOUT0)
                                                      0.051     0.566 r  pll/pll/CLKOUT0
                         net (fo=1, unplaced)         0.337     0.904    pll_adc_clk
                         BUFG (Prop_bufg_I_O)         0.026     0.930 r  bufg_adc_clk/O
                         net (fo=6520, unplaced)      0.210     1.139    ps/axi_slave_gp0/axi\\.ACLK
                         FDRE                                         r  ps/axi_slave_gp0/wr_wdata_reg[14]/C
  -------------------------------------------------------------------    -------------------
                         FDRE (Prop_fdre_C_Q)         0.141     1.280 r  ps/axi_slave_gp0/wr_wdata_reg[14]/Q
                         net (fo=340, unplaced)       0.217     1.497    i_pgen/wave2_reg_0_127_14_14/D
                         RAMD64E                                      r  i_pgen/wave2_reg_0_127_14_14/DP.HIGH/I
  -------------------------------------------------------------------    -------------------

                         (clock pll_adc_clk rise edge)
                                                      0.000     0.000 r  
    U18                                               0.000     0.000 r  adc_clk_i[1] (IN)
                         net (fo=0)                   0.000     0.000    adc_clk_i[1]
    U18                  IBUFDS (Prop_ibufds_I_O)     0.433     0.433 r  i_clk/O
                         net (fo=1, unplaced)         0.259     0.692    pll/clk
                         PLLE2_ADV (Prop_plle2_adv_CLKIN1_CLKOUT0)
                                                      0.054     0.746 r  pll/pll/CLKOUT0
                         net (fo=1, unplaced)         0.355     1.101    pll_adc_clk
                         BUFG (Prop_bufg_I_O)         0.029     1.130 r  bufg_adc_clk/O
                         net (fo=6520, unplaced)      0.355     1.485    i_pgen/wave2_reg_0_127_14_14/WCLK
                         RAMD64E                                      r  i_pgen/wave2_reg_0_127_14_14/DP.HIGH/CLK
                         clock pessimism             -0.200     1.284    
                         RAMD64E (Hold_ramd64e_CLK_I)
                                                      0.094     1.378    i_pgen/wave2_reg_0_127_14_14/DP.HIGH
  -------------------------------------------------------------------
                         required time                         -1.378    
                         arrival time                           1.497    
  -------------------------------------------------------------------
                         slack                                  0.119    





Pulse Width Checks
--------------------------------------------------------------------------------------
Clock Name:         pll_adc_clk
Waveform(ns):       { 0.000 4.000 }
Period(ns):         8.000
Sources:            { pll/pll/CLKOUT0 }

Check Type        Corner  Lib Pin            Reference Pin  Required(ns)  Actual(ns)  Slack(ns)  Location  Pin
Min Period        n/a     BUFG/I             n/a            2.155         8.000       5.845                bufg_adc_clk/I
Max Period        n/a     PLLE2_ADV/CLKOUT0  n/a            160.000       8.000       152.000              pll/pll/CLKOUT0
Low Pulse Width   Fast    RAMD64E/CLK        n/a            1.250         4.000       2.750                i_pgen/wave2_reg_2560_2687_14_14/DP.LOW/CLK
High Pulse Width  Slow    RAMD64E/CLK        n/a            1.250         4.000       2.750                i_pgen/wave2_reg_2560_2687_14_14/DP.LOW/CLK



---------------------------------------------------------------------------------------------------
From Clock:  pll_dac_clk_1x
  To Clock:  pll_dac_clk_1x

Setup :            0  Failing Endpoints,  Worst Slack        1.626ns,  Total Violation        0.000ns
Hold  :           15  Failing Endpoints,  Worst Slack       -0.089ns,  Total Violation       -1.334ns
PW    :            0  Failing Endpoints,  Worst Slack        3.500ns,  Total Violation        0.000ns
---------------------------------------------------------------------------------------------------


Max Delay Paths
--------------------------------------------------------------------------------------
Slack (MET) :             1.626ns  (required time - arrival time)
  Source:                 dac_dat_a_reg[0]/C
                            (rising edge-triggered cell FDRE clocked by pll_dac_clk_1x  {rise@0.000ns fall@4.000ns period=8.000ns})
  Destination:            oddr_dac_dat[0]/D2
                            (falling edge-triggered cell ODDR clocked by pll_dac_clk_1x  {rise@0.000ns fall@4.000ns period=8.000ns})
  Path Group:             pll_dac_clk_1x
  Path Type:              Setup (Max at Slow Process Corner)
  Requirement:            4.000ns  (pll_dac_clk_1x fall@4.000ns - pll_dac_clk_1x rise@0.000ns)
  Data Path Delay:        1.256ns  (logic 0.456ns (36.314%)  route 0.800ns (63.686%))
  Logic Levels:           0  
  Clock Path Skew:        -0.040ns (DCD - SCD + CPR)
    Destination Clock Delay (DCD):    3.074ns = ( 7.074 - 4.000 ) 
    Source Clock Delay      (SCD):    3.357ns
    Clock Pessimism Removal (CPR):    0.243ns
  Clock Uncertainty:      0.069ns  ((TSJ^2 + DJ^2)^1/2) / 2 + PE
    Total System Jitter     (TSJ):    0.071ns
    Discrete Jitter          (DJ):    0.118ns
    Phase Error              (PE):    0.000ns

    Location             Delay type                Incr(ns)  Path(ns)    Netlist Resource(s)
  -------------------------------------------------------------------    -------------------
                         (clock pll_dac_clk_1x rise edge)
                                                      0.000     0.000 r  
    U18                                               0.000     0.000 r  adc_clk_i[1] (IN)
                         net (fo=0)                   0.000     0.000    adc_clk_i[1]
    U18                  IBUFDS (Prop_ibufds_I_O)     0.983     0.983 r  i_clk/O
                         net (fo=1, unplaced)         0.584     1.567    pll/clk
                         PLLE2_ADV (Prop_plle2_adv_CLKIN1_CLKOUT1)
                                                      0.089     1.656 r  pll/pll/CLKOUT1
                         net (fo=1, unplaced)         0.800     2.456    pll_dac_clk_1x
                         BUFG (Prop_bufg_I_O)         0.101     2.557 r  bufg_dac_clk_1x/O
                         net (fo=45, unplaced)        0.800     3.357    dac_clk_1x
                         FDRE                                         r  dac_dat_a_reg[0]/C
  -------------------------------------------------------------------    -------------------
                         FDRE (Prop_fdre_C_Q)         0.456     3.813 r  dac_dat_a_reg[0]/Q
                         net (fo=1, unplaced)         0.800     4.612    dac_dat_a[0]
    OLOGIC_X0Y86         ODDR                                         r  oddr_dac_dat[0]/D2
  -------------------------------------------------------------------    -------------------

                         (clock pll_dac_clk_1x fall edge)
                                                      4.000     4.000 f  
    U18                                               0.000     4.000 f  adc_clk_i[1] (IN)
                         net (fo=0)                   0.000     4.000    adc_clk_i[1]
    U18                  IBUFDS (Prop_ibufds_I_O)     0.940     4.940 f  i_clk/O
                         net (fo=1, unplaced)         0.439     5.379    pll/clk
                         PLLE2_ADV (Prop_plle2_adv_CLKIN1_CLKOUT1)
                                                      0.084     5.463 f  pll/pll/CLKOUT1
                         net (fo=1, unplaced)         0.760     6.223    pll_dac_clk_1x
                         BUFG (Prop_bufg_I_O)         0.091     6.314 f  bufg_dac_clk_1x/O
                         net (fo=45, unplaced)        0.760     7.074    dac_clk_1x
    OLOGIC_X0Y86         ODDR                                         f  oddr_dac_dat[0]/C
                         clock pessimism              0.243     7.317    
                         clock uncertainty           -0.069     7.248    
    OLOGIC_X0Y86         ODDR (Setup_oddr_C_D2)      -1.009     6.239    oddr_dac_dat[0]
  -------------------------------------------------------------------
                         required time                          6.239    
                         arrival time                          -4.612    
  -------------------------------------------------------------------
                         slack                                  1.626    





Min Delay Paths
--------------------------------------------------------------------------------------
Slack (VIOLATED) :        -0.089ns  (arrival time - required time)
  Source:                 dac_rst_reg/C
                            (rising edge-triggered cell FDRE clocked by pll_dac_clk_1x  {rise@0.000ns fall@4.000ns period=8.000ns})
  Destination:            oddr_dac_dat[0]/R
                            (rising edge-triggered cell ODDR clocked by pll_dac_clk_1x  {rise@0.000ns fall@4.000ns period=8.000ns})
  Path Group:             pll_dac_clk_1x
  Path Type:              Hold (Min at Fast Process Corner)
  Requirement:            0.000ns  (pll_dac_clk_1x rise@0.000ns - pll_dac_clk_1x rise@0.000ns)
  Data Path Delay:        0.478ns  (logic 0.141ns (29.492%)  route 0.337ns (70.508%))
  Logic Levels:           0  
  Clock Path Skew:        0.145ns (DCD - SCD - CPR)
    Destination Clock Delay (DCD):    1.485ns
    Source Clock Delay      (SCD):    1.139ns
    Clock Pessimism Removal (CPR):    0.200ns

    Location             Delay type                Incr(ns)  Path(ns)    Netlist Resource(s)
  -------------------------------------------------------------------    -------------------
                         (clock pll_dac_clk_1x rise edge)
                                                      0.000     0.000 r  
    U18                                               0.000     0.000 r  adc_clk_i[1] (IN)
                         net (fo=0)                   0.000     0.000    adc_clk_i[1]
    U18                  IBUFDS (Prop_ibufds_I_O)     0.401     0.401 r  i_clk/O
                         net (fo=1, unplaced)         0.114     0.515    pll/clk
                         PLLE2_ADV (Prop_plle2_adv_CLKIN1_CLKOUT1)
                                                      0.051     0.566 r  pll/pll/CLKOUT1
                         net (fo=1, unplaced)         0.337     0.904    pll_dac_clk_1x
                         BUFG (Prop_bufg_I_O)         0.026     0.930 r  bufg_dac_clk_1x/O
                         net (fo=45, unplaced)        0.210     1.139    dac_clk_1x
                         FDRE                                         r  dac_rst_reg/C
  -------------------------------------------------------------------    -------------------
                         FDRE (Prop_fdre_C_Q)         0.141     1.280 r  dac_rst_reg/Q
                         net (fo=17, unplaced)        0.337     1.618    dac_rst
    OLOGIC_X0Y86         ODDR                                         r  oddr_dac_dat[0]/R
  -------------------------------------------------------------------    -------------------

                         (clock pll_dac_clk_1x rise edge)
                                                      0.000     0.000 r  
    U18                                               0.000     0.000 r  adc_clk_i[1] (IN)
                         net (fo=0)                   0.000     0.000    adc_clk_i[1]
    U18                  IBUFDS (Prop_ibufds_I_O)     0.433     0.433 r  i_clk/O
                         net (fo=1, unplaced)         0.259     0.692    pll/clk
                         PLLE2_ADV (Prop_plle2_adv_CLKIN1_CLKOUT1)
                                                      0.054     0.746 r  pll/pll/CLKOUT1
                         net (fo=1, unplaced)         0.355     1.101    pll_dac_clk_1x
                         BUFG (Prop_bufg_I_O)         0.029     1.130 r  bufg_dac_clk_1x/O
                         net (fo=45, unplaced)        0.355     1.485    dac_clk_1x
    OLOGIC_X0Y86         ODDR                                         r  oddr_dac_dat[0]/C
                         clock pessimism             -0.200     1.284    
    OLOGIC_X0Y86         ODDR (Hold_oddr_C_R)         0.422     1.706    oddr_dac_dat[0]
  -------------------------------------------------------------------
                         required time                         -1.706    
                         arrival time                           1.618    
  -------------------------------------------------------------------
                         slack                                 -0.089    





Pulse Width Checks
--------------------------------------------------------------------------------------
Clock Name:         pll_dac_clk_1x
Waveform(ns):       { 0.000 4.000 }
Period(ns):         8.000
Sources:            { pll/pll/CLKOUT1 }

Check Type        Corner  Lib Pin            Reference Pin  Required(ns)  Actual(ns)  Slack(ns)  Location  Pin
Min Period        n/a     BUFG/I             n/a            2.155         8.000       5.845                bufg_dac_clk_1x/I
Max Period        n/a     PLLE2_ADV/CLKOUT1  n/a            160.000       8.000       152.000              pll/pll/CLKOUT1
Low Pulse Width   Fast    FDRE/C             n/a            0.500         4.000       3.500                dac_dat_a_reg[0]/C
High Pulse Width  Slow    FDRE/C             n/a            0.500         4.000       3.500                dac_dat_a_reg[0]/C



---------------------------------------------------------------------------------------------------
From Clock:  pll_dac_clk_2p
  To Clock:  pll_dac_clk_2p

Setup :           NA  Failing Endpoints,  Worst Slack           NA  ,  Total Violation           NA
Hold  :           NA  Failing Endpoints,  Worst Slack           NA  ,  Total Violation           NA
PW    :            0  Failing Endpoints,  Worst Slack        1.845ns,  Total Violation        0.000ns
---------------------------------------------------------------------------------------------------


Pulse Width Checks
--------------------------------------------------------------------------------------
Clock Name:         pll_dac_clk_2p
Waveform(ns):       { -0.500 1.500 }
Period(ns):         4.000
Sources:            { pll/pll/CLKOUT3 }

Check Type  Corner  Lib Pin            Reference Pin  Required(ns)  Actual(ns)  Slack(ns)  Location  Pin
Min Period  n/a     BUFG/I             n/a            2.155         4.000       1.845                bufg_dac_clk_2p/I
Max Period  n/a     PLLE2_ADV/CLKOUT3  n/a            160.000       4.000       156.000              pll/pll/CLKOUT3



---------------------------------------------------------------------------------------------------
From Clock:  pll_dac_clk_2x
  To Clock:  pll_dac_clk_2x

Setup :           NA  Failing Endpoints,  Worst Slack           NA  ,  Total Violation           NA
Hold  :           NA  Failing Endpoints,  Worst Slack           NA  ,  Total Violation           NA
PW    :            0  Failing Endpoints,  Worst Slack        1.845ns,  Total Violation        0.000ns
---------------------------------------------------------------------------------------------------


Pulse Width Checks
--------------------------------------------------------------------------------------
Clock Name:         pll_dac_clk_2x
Waveform(ns):       { 0.000 2.000 }
Period(ns):         4.000
Sources:            { pll/pll/CLKOUT2 }

Check Type  Corner  Lib Pin            Reference Pin  Required(ns)  Actual(ns)  Slack(ns)  Location  Pin
Min Period  n/a     BUFG/I             n/a            2.155         4.000       1.845                bufg_dac_clk_2x/I
Max Period  n/a     PLLE2_ADV/CLKOUT2  n/a            160.000       4.000       156.000              pll/pll/CLKOUT2



---------------------------------------------------------------------------------------------------
From Clock:  pll_pwm_clk
  To Clock:  pll_pwm_clk

Setup :            0  Failing Endpoints,  Worst Slack        0.182ns,  Total Violation        0.000ns
Hold  :            0  Failing Endpoints,  Worst Slack        0.125ns,  Total Violation        0.000ns
PW    :            0  Failing Endpoints,  Worst Slack        1.500ns,  Total Violation        0.000ns
---------------------------------------------------------------------------------------------------


Max Delay Paths
--------------------------------------------------------------------------------------
Slack (MET) :             0.182ns  (required time - arrival time)
  Source:                 pwm[0]/vcnt_r_reg[0]/C
                            (rising edge-triggered cell FDRE clocked by pll_pwm_clk  {rise@0.000ns fall@2.000ns period=4.000ns})
  Destination:            pwm[0]/pwm_o_reg/D
                            (rising edge-triggered cell FDRE clocked by pll_pwm_clk  {rise@0.000ns fall@2.000ns period=4.000ns})
  Path Group:             pll_pwm_clk
  Path Type:              Setup (Max at Slow Process Corner)
  Requirement:            4.000ns  (pll_pwm_clk rise@4.000ns - pll_pwm_clk rise@0.000ns)
  Data Path Delay:        2.882ns  (logic 1.330ns (46.153%)  route 1.552ns (53.847%))
  Logic Levels:           2  (CARRY4=1 LUT4=1)
  Clock Path Skew:        -0.040ns (DCD - SCD + CPR)
    Destination Clock Delay (DCD):    3.074ns = ( 7.074 - 4.000 ) 
    Source Clock Delay      (SCD):    3.357ns
    Clock Pessimism Removal (CPR):    0.243ns
  Clock Uncertainty:      0.063ns  ((TSJ^2 + DJ^2)^1/2) / 2 + PE
    Total System Jitter     (TSJ):    0.071ns
    Discrete Jitter          (DJ):    0.104ns
    Phase Error              (PE):    0.000ns

    Location             Delay type                Incr(ns)  Path(ns)    Netlist Resource(s)
  -------------------------------------------------------------------    -------------------
                         (clock pll_pwm_clk rise edge)
                                                      0.000     0.000 r  
    U18                                               0.000     0.000 r  adc_clk_i[1] (IN)
                         net (fo=0)                   0.000     0.000    adc_clk_i[1]
    U18                  IBUFDS (Prop_ibufds_I_O)     0.983     0.983 r  i_clk/O
                         net (fo=1, unplaced)         0.584     1.567    pll/clk
                         PLLE2_ADV (Prop_plle2_adv_CLKIN1_CLKOUT5)
                                                      0.089     1.656 r  pll/pll/CLKOUT5
                         net (fo=1, unplaced)         0.800     2.456    pll_pwm_clk
                         BUFG (Prop_bufg_I_O)         0.101     2.557 r  bufg_pwm_clk/O
                         net (fo=213, unplaced)       0.800     3.357    pwm[0]/clk
                         FDRE                                         r  pwm[0]/vcnt_r_reg[0]/C
  -------------------------------------------------------------------    -------------------
                         FDRE (Prop_fdre_C_Q)         0.456     3.813 f  pwm[0]/vcnt_r_reg[0]/Q
                         net (fo=2, unplaced)         0.752     4.565    pwm[0]/vcnt_r[0]
                         LUT4 (Prop_lut4_I1_O)        0.321     4.886 r  pwm[0]/pwm_o_i_6/O
                         net (fo=1, unplaced)         0.000     4.886    pwm[0]/pwm_o_i_6_n_0
                         CARRY4 (Prop_carry4_DI[0]_CO[3])
                                                      0.553     5.439 r  pwm[0]/pwm_o_reg_i_2/CO[3]
                         net (fo=1, unplaced)         0.800     6.238    pwm[0]/p_1_in
    OLOGIC_X0Y47         FDRE                                         r  pwm[0]/pwm_o_reg/D
  -------------------------------------------------------------------    -------------------

                         (clock pll_pwm_clk rise edge)
                                                      4.000     4.000 r  
    U18                                               0.000     4.000 r  adc_clk_i[1] (IN)
                         net (fo=0)                   0.000     4.000    adc_clk_i[1]
    U18                  IBUFDS (Prop_ibufds_I_O)     0.940     4.940 r  i_clk/O
                         net (fo=1, unplaced)         0.439     5.379    pll/clk
                         PLLE2_ADV (Prop_plle2_adv_CLKIN1_CLKOUT5)
                                                      0.084     5.463 r  pll/pll/CLKOUT5
                         net (fo=1, unplaced)         0.760     6.223    pll_pwm_clk
                         BUFG (Prop_bufg_I_O)         0.091     6.314 r  bufg_pwm_clk/O
                         net (fo=213, unplaced)       0.760     7.074    pwm[0]/clk
    OLOGIC_X0Y47         FDRE                                         r  pwm[0]/pwm_o_reg/C
                         clock pessimism              0.243     7.317    
                         clock uncertainty           -0.063     7.254    
    OLOGIC_X0Y47         FDRE (Setup_fdre_C_D)       -0.834     6.420    pwm[0]/pwm_o_reg
  -------------------------------------------------------------------
                         required time                          6.420    
                         arrival time                          -6.238    
  -------------------------------------------------------------------
                         slack                                  0.182    





Min Delay Paths
--------------------------------------------------------------------------------------
Slack (MET) :             0.125ns  (arrival time - required time)
  Source:                 pwm_rstn_reg/C
                            (rising edge-triggered cell FDRE clocked by pll_pwm_clk  {rise@0.000ns fall@2.000ns period=4.000ns})
  Destination:            pwm[0]/pwm_o_reg/R
                            (rising edge-triggered cell FDRE clocked by pll_pwm_clk  {rise@0.000ns fall@2.000ns period=4.000ns})
  Path Group:             pll_pwm_clk
  Path Type:              Hold (Min at Fast Process Corner)
  Requirement:            0.000ns  (pll_pwm_clk rise@0.000ns - pll_pwm_clk rise@0.000ns)
  Data Path Delay:        0.746ns  (logic 0.239ns (32.021%)  route 0.507ns (67.979%))
  Logic Levels:           1  (LUT1=1)
  Clock Path Skew:        0.145ns (DCD - SCD - CPR)
    Destination Clock Delay (DCD):    1.485ns
    Source Clock Delay      (SCD):    1.139ns
    Clock Pessimism Removal (CPR):    0.200ns

    Location             Delay type                Incr(ns)  Path(ns)    Netlist Resource(s)
  -------------------------------------------------------------------    -------------------
                         (clock pll_pwm_clk rise edge)
                                                      0.000     0.000 r  
    U18                                               0.000     0.000 r  adc_clk_i[1] (IN)
                         net (fo=0)                   0.000     0.000    adc_clk_i[1]
    U18                  IBUFDS (Prop_ibufds_I_O)     0.401     0.401 r  i_clk/O
                         net (fo=1, unplaced)         0.114     0.515    pll/clk
                         PLLE2_ADV (Prop_plle2_adv_CLKIN1_CLKOUT5)
                                                      0.051     0.566 r  pll/pll/CLKOUT5
                         net (fo=1, unplaced)         0.337     0.904    pll_pwm_clk
                         BUFG (Prop_bufg_I_O)         0.026     0.930 r  bufg_pwm_clk/O
                         net (fo=213, unplaced)       0.210     1.139    pwm_clk
                         FDRE                                         r  pwm_rstn_reg/C
  -------------------------------------------------------------------    -------------------
                         FDRE (Prop_fdre_C_Q)         0.141     1.280 f  pwm_rstn_reg/Q
                         net (fo=76, unplaced)        0.170     1.451    pwm[0]/rstn
                         LUT1 (Prop_lut1_I0_O)        0.098     1.549 r  pwm[0]/pwm_o_i_1/O
                         net (fo=13, unplaced)        0.337     1.886    pwm[0]/clear
    OLOGIC_X0Y47         FDRE                                         r  pwm[0]/pwm_o_reg/R
  -------------------------------------------------------------------    -------------------

                         (clock pll_pwm_clk rise edge)
                                                      0.000     0.000 r  
    U18                                               0.000     0.000 r  adc_clk_i[1] (IN)
                         net (fo=0)                   0.000     0.000    adc_clk_i[1]
    U18                  IBUFDS (Prop_ibufds_I_O)     0.433     0.433 r  i_clk/O
                         net (fo=1, unplaced)         0.259     0.692    pll/clk
                         PLLE2_ADV (Prop_plle2_adv_CLKIN1_CLKOUT5)
                                                      0.054     0.746 r  pll/pll/CLKOUT5
                         net (fo=1, unplaced)         0.355     1.101    pll_pwm_clk
                         BUFG (Prop_bufg_I_O)         0.029     1.130 r  bufg_pwm_clk/O
                         net (fo=213, unplaced)       0.355     1.485    pwm[0]/clk
    OLOGIC_X0Y47         FDRE                                         r  pwm[0]/pwm_o_reg/C
                         clock pessimism             -0.200     1.284    
    OLOGIC_X0Y47         FDRE (Hold_fdre_C_R)         0.476     1.760    pwm[0]/pwm_o_reg
  -------------------------------------------------------------------
                         required time                         -1.760    
                         arrival time                           1.886    
  -------------------------------------------------------------------
                         slack                                  0.125    





Pulse Width Checks
--------------------------------------------------------------------------------------
Clock Name:         pll_pwm_clk
Waveform(ns):       { 0.000 2.000 }
Period(ns):         4.000
Sources:            { pll/pll/CLKOUT5 }

Check Type        Corner  Lib Pin            Reference Pin  Required(ns)  Actual(ns)  Slack(ns)  Location  Pin
Min Period        n/a     BUFG/I             n/a            2.155         4.000       1.845                bufg_pwm_clk/I
Max Period        n/a     PLLE2_ADV/CLKOUT5  n/a            160.000       4.000       156.000              pll/pll/CLKOUT5
Low Pulse Width   Slow    FDRE/C             n/a            0.500         2.000       1.500                pwm[0]/b_reg[0]/C
High Pulse Width  Slow    FDRE/C             n/a            0.500         2.000       1.500                pwm[0]/b_reg[0]/C



---------------------------------------------------------------------------------------------------
From Clock:  pll_ser_clk
  To Clock:  pll_ser_clk

Setup :           NA  Failing Endpoints,  Worst Slack           NA  ,  Total Violation           NA
Hold  :           NA  Failing Endpoints,  Worst Slack           NA  ,  Total Violation           NA
PW    :            0  Failing Endpoints,  Worst Slack        1.845ns,  Total Violation        0.000ns
---------------------------------------------------------------------------------------------------


Pulse Width Checks
--------------------------------------------------------------------------------------
Clock Name:         pll_ser_clk
Waveform(ns):       { 0.000 2.000 }
Period(ns):         4.000
Sources:            { pll/pll/CLKOUT4 }

Check Type  Corner  Lib Pin            Reference Pin  Required(ns)  Actual(ns)  Slack(ns)  Location  Pin
Min Period  n/a     BUFG/I             n/a            2.155         4.000       1.845                bufg_ser_clk/I
Max Period  n/a     PLLE2_ADV/CLKOUT4  n/a            160.000       4.000       156.000              pll/pll/CLKOUT4



---------------------------------------------------------------------------------------------------
From Clock:  clk_fpga_0
  To Clock:  clk_fpga_0

Setup :           NA  Failing Endpoints,  Worst Slack           NA  ,  Total Violation           NA
Hold  :           NA  Failing Endpoints,  Worst Slack           NA  ,  Total Violation           NA
PW    :            0  Failing Endpoints,  Worst Slack        5.845ns,  Total Violation        0.000ns
---------------------------------------------------------------------------------------------------


Pulse Width Checks
--------------------------------------------------------------------------------------
Clock Name:         clk_fpga_0
Waveform(ns):       { 0.000 4.000 }
Period(ns):         8.000
Sources:            { ps/system_i/processing_system7/inst/PS7_i/FCLKCLK[0] }

Check Type  Corner  Lib Pin  Reference Pin  Required(ns)  Actual(ns)  Slack(ns)  Location  Pin
Min Period  n/a     BUFG/I   n/a            2.155         8.000       5.845                ps/system_i/processing_system7/inst/buffer_fclk_clk_0.FCLK_CLK_0_BUFG/I



---------------------------------------------------------------------------------------------------
From Clock:  clk_fpga_1
  To Clock:  clk_fpga_1

Setup :           NA  Failing Endpoints,  Worst Slack           NA  ,  Total Violation           NA
Hold  :           NA  Failing Endpoints,  Worst Slack           NA  ,  Total Violation           NA
PW    :            0  Failing Endpoints,  Worst Slack        1.845ns,  Total Violation        0.000ns
---------------------------------------------------------------------------------------------------


Pulse Width Checks
--------------------------------------------------------------------------------------
Clock Name:         clk_fpga_1
Waveform(ns):       { 0.000 2.000 }
Period(ns):         4.000
Sources:            { ps/system_i/processing_system7/inst/PS7_i/FCLKCLK[1] }

Check Type  Corner  Lib Pin  Reference Pin  Required(ns)  Actual(ns)  Slack(ns)  Location  Pin
Min Period  n/a     BUFG/I   n/a            2.155         4.000       1.845                ps/system_i/processing_system7/inst/buffer_fclk_clk_1.FCLK_CLK_1_BUFG/I



---------------------------------------------------------------------------------------------------
From Clock:  clk_fpga_2
  To Clock:  clk_fpga_2

Setup :           NA  Failing Endpoints,  Worst Slack           NA  ,  Total Violation           NA
Hold  :           NA  Failing Endpoints,  Worst Slack           NA  ,  Total Violation           NA
PW    :            0  Failing Endpoints,  Worst Slack       17.845ns,  Total Violation        0.000ns
---------------------------------------------------------------------------------------------------


Pulse Width Checks
--------------------------------------------------------------------------------------
Clock Name:         clk_fpga_2
Waveform(ns):       { 0.000 10.000 }
Period(ns):         20.000
Sources:            { ps/system_i/processing_system7/inst/PS7_i/FCLKCLK[2] }

Check Type  Corner  Lib Pin  Reference Pin  Required(ns)  Actual(ns)  Slack(ns)  Location  Pin
Min Period  n/a     BUFG/I   n/a            2.155         20.000      17.845               ps/system_i/processing_system7/inst/buffer_fclk_clk_2.FCLK_CLK_2_BUFG/I



---------------------------------------------------------------------------------------------------
From Clock:  clk_fpga_3
  To Clock:  clk_fpga_3

Setup :           28  Failing Endpoints,  Worst Slack       -0.646ns,  Total Violation      -12.274ns
Hold  :            0  Failing Endpoints,  Worst Slack        0.007ns,  Total Violation        0.000ns
PW    :            0  Failing Endpoints,  Worst Slack        1.000ns,  Total Violation        0.000ns
---------------------------------------------------------------------------------------------------


Max Delay Paths
--------------------------------------------------------------------------------------
Slack (VIOLATED) :        -0.646ns  (required time - arrival time)
  Source:                 ps/system_i/axi_protocol_converter_0/inst/gen_axilite.gen_b2s_conv.axilite_b2s/WR.b_channel_0/bid_fifo_0/cnt_read_reg[1]_rep__0/C
                            (rising edge-triggered cell FDSE clocked by clk_fpga_3  {rise@0.000ns fall@2.500ns period=5.000ns})
  Destination:            ps/system_i/axi_protocol_converter_0/inst/gen_axilite.gen_b2s_conv.axilite_b2s/WR.aw_channel_0/cmd_translator_0/incr_cmd_0/axaddr_incr_reg[9]/D
                            (rising edge-triggered cell FDRE clocked by clk_fpga_3  {rise@0.000ns fall@2.500ns period=5.000ns})
  Path Group:             clk_fpga_3
  Path Type:              Setup (Max at Slow Process Corner)
  Requirement:            5.000ns  (clk_fpga_3 rise@5.000ns - clk_fpga_3 rise@0.000ns)
  Data Path Delay:        5.480ns  (logic 2.934ns (53.540%)  route 2.546ns (46.460%))
  Logic Levels:           8  (CARRY4=4 LUT2=1 LUT3=1 LUT4=1 LUT5=1)
  Clock Path Skew:        -0.145ns (DCD - SCD + CPR)
    Destination Clock Delay (DCD):    1.505ns = ( 6.505 - 5.000 ) 
    Source Clock Delay      (SCD):    1.700ns
    Clock Pessimism Removal (CPR):    0.050ns
  Clock Uncertainty:      0.083ns  ((TSJ^2 + TIJ^2)^1/2 + DJ) / 2 + PE
    Total System Jitter     (TSJ):    0.071ns
    Total Input Jitter      (TIJ):    0.150ns
    Discrete Jitter          (DJ):    0.000ns
    Phase Error              (PE):    0.000ns

    Location             Delay type                Incr(ns)  Path(ns)    Netlist Resource(s)
  -------------------------------------------------------------------    -------------------
                         (clock clk_fpga_3 rise edge)
                                                      0.000     0.000 r  
    PS7_X0Y0             PS7                          0.000     0.000 r  ps/system_i/processing_system7/inst/PS7_i/FCLKCLK[3]
                         net (fo=1, unplaced)         0.800     0.800    ps/system_i/processing_system7/inst/FCLK_CLK_unbuffered[3]
                         BUFG (Prop_bufg_I_O)         0.101     0.901 r  ps/system_i/processing_system7/inst/buffer_fclk_clk_3.FCLK_CLK_3_BUFG/O
                         net (fo=954, unplaced)       0.800     1.700    ps/system_i/axi_protocol_converter_0/inst/gen_axilite.gen_b2s_conv.axilite_b2s/WR.b_channel_0/bid_fifo_0/clk
                         FDSE                                         r  ps/system_i/axi_protocol_converter_0/inst/gen_axilite.gen_b2s_conv.axilite_b2s/WR.b_channel_0/bid_fifo_0/cnt_read_reg[1]_rep__0/C
  -------------------------------------------------------------------    -------------------
                         FDSE (Prop_fdse_C_Q)         0.456     2.156 f  ps/system_i/axi_protocol_converter_0/inst/gen_axilite.gen_b2s_conv.axilite_b2s/WR.b_channel_0/bid_fifo_0/cnt_read_reg[1]_rep__0/Q
                         net (fo=3, unplaced)         0.488     2.644    ps/system_i/axi_protocol_converter_0/inst/gen_axilite.gen_b2s_conv.axilite_b2s/WR.b_channel_0/bid_fifo_0/cnt_read_reg[1]_rep__0_n_0
                         LUT2 (Prop_lut2_I0_O)        0.295     2.939 f  ps/system_i/axi_protocol_converter_0/inst/gen_axilite.gen_b2s_conv.axilite_b2s/WR.b_channel_0/bid_fifo_0/full_INST_0/O
                         net (fo=4, unplaced)         0.926     3.865    ps/system_i/axi_protocol_converter_0/inst/gen_axilite.gen_b2s_conv.axilite_b2s/WR.aw_channel_0/aw_cmd_fsm_0/b_full
                         LUT5 (Prop_lut5_I1_O)        0.124     3.989 r  ps/system_i/axi_protocol_converter_0/inst/gen_axilite.gen_b2s_conv.axilite_b2s/WR.aw_channel_0/aw_cmd_fsm_0/next_INST_0/O
                         net (fo=25, unplaced)        0.514     4.503    ps/system_i/axi_protocol_converter_0/inst/gen_axilite.gen_b2s_conv.axilite_b2s/WR.aw_channel_0/cmd_translator_0/incr_cmd_0/next
                         LUT4 (Prop_lut4_I3_O)        0.124     4.627 r  ps/system_i/axi_protocol_converter_0/inst/gen_axilite.gen_b2s_conv.axilite_b2s/WR.aw_channel_0/cmd_translator_0/incr_cmd_0/axaddr_incr[0]_i_17/O
                         net (fo=1, unplaced)         0.000     4.627    ps/system_i/axi_protocol_converter_0/inst/gen_axilite.gen_b2s_conv.axilite_b2s/WR.aw_channel_0/cmd_translator_0/incr_cmd_0/axaddr_incr[0]_i_17_n_0
                         CARRY4 (Prop_carry4_S[1]_CO[3])
                                                      0.550     5.177 r  ps/system_i/axi_protocol_converter_0/inst/gen_axilite.gen_b2s_conv.axilite_b2s/WR.aw_channel_0/cmd_translator_0/incr_cmd_0/axaddr_incr_reg[0]_i_11/CO[3]
                         net (fo=1, unplaced)         0.000     5.177    ps/system_i/axi_protocol_converter_0/inst/gen_axilite.gen_b2s_conv.axilite_b2s/WR.aw_channel_0/cmd_translator_0/incr_cmd_0/axaddr_incr_reg[0]_i_11_n_0
                         CARRY4 (Prop_carry4_CI_O[3])
                                                      0.329     5.506 r  ps/system_i/axi_protocol_converter_0/inst/gen_axilite.gen_b2s_conv.axilite_b2s/WR.aw_channel_0/cmd_translator_0/incr_cmd_0/axaddr_incr_reg[4]_i_6/O[3]
                         net (fo=1, unplaced)         0.618     6.124    ps/system_i/axi_protocol_converter_0/inst/gen_axilite.gen_b2s_conv.axilite_b2s/WR.aw_channel_0/cmd_translator_0/incr_cmd_0/C[7]
                         LUT3 (Prop_lut3_I0_O)        0.307     6.431 r  ps/system_i/axi_protocol_converter_0/inst/gen_axilite.gen_b2s_conv.axilite_b2s/WR.aw_channel_0/cmd_translator_0/incr_cmd_0/axaddr_incr[4]_i_2/O
                         net (fo=1, unplaced)         0.000     6.431    ps/system_i/axi_protocol_converter_0/inst/gen_axilite.gen_b2s_conv.axilite_b2s/WR.aw_channel_0/cmd_translator_0/incr_cmd_0/axaddr_incr[4]_i_2_n_0
                         CARRY4 (Prop_carry4_S[3]_CO[3])
                                                      0.401     6.832 r  ps/system_i/axi_protocol_converter_0/inst/gen_axilite.gen_b2s_conv.axilite_b2s/WR.aw_channel_0/cmd_translator_0/incr_cmd_0/axaddr_incr_reg[4]_i_1/CO[3]
                         net (fo=1, unplaced)         0.000     6.832    ps/system_i/axi_protocol_converter_0/inst/gen_axilite.gen_b2s_conv.axilite_b2s/WR.aw_channel_0/cmd_translator_0/incr_cmd_0/axaddr_incr_reg[4]_i_1_n_0
                         CARRY4 (Prop_carry4_CI_O[1])
                                                      0.348     7.180 r  ps/system_i/axi_protocol_converter_0/inst/gen_axilite.gen_b2s_conv.axilite_b2s/WR.aw_channel_0/cmd_translator_0/incr_cmd_0/axaddr_incr_reg[8]_i_1/O[1]
                         net (fo=1, unplaced)         0.000     7.180    ps/system_i/axi_protocol_converter_0/inst/gen_axilite.gen_b2s_conv.axilite_b2s/WR.aw_channel_0/cmd_translator_0/incr_cmd_0/axaddr_incr_reg[8]_i_1_n_6
                         FDRE                                         r  ps/system_i/axi_protocol_converter_0/inst/gen_axilite.gen_b2s_conv.axilite_b2s/WR.aw_channel_0/cmd_translator_0/incr_cmd_0/axaddr_incr_reg[9]/D
  -------------------------------------------------------------------    -------------------

                         (clock clk_fpga_3 rise edge)
                                                      5.000     5.000 r  
    PS7_X0Y0             PS7                          0.000     5.000 r  ps/system_i/processing_system7/inst/PS7_i/FCLKCLK[3]
                         net (fo=1, unplaced)         0.760     5.760    ps/system_i/processing_system7/inst/FCLK_CLK_unbuffered[3]
                         BUFG (Prop_bufg_I_O)         0.091     5.851 r  ps/system_i/processing_system7/inst/buffer_fclk_clk_3.FCLK_CLK_3_BUFG/O
                         net (fo=954, unplaced)       0.655     6.505    ps/system_i/axi_protocol_converter_0/inst/gen_axilite.gen_b2s_conv.axilite_b2s/WR.aw_channel_0/cmd_translator_0/incr_cmd_0/clk
                         FDRE                                         r  ps/system_i/axi_protocol_converter_0/inst/gen_axilite.gen_b2s_conv.axilite_b2s/WR.aw_channel_0/cmd_translator_0/incr_cmd_0/axaddr_incr_reg[9]/C
                         clock pessimism              0.050     6.555    
                         clock uncertainty           -0.083     6.473    
                         FDRE (Setup_fdre_C_D)        0.062     6.535    ps/system_i/axi_protocol_converter_0/inst/gen_axilite.gen_b2s_conv.axilite_b2s/WR.aw_channel_0/cmd_translator_0/incr_cmd_0/axaddr_incr_reg[9]
  -------------------------------------------------------------------
                         required time                          6.535    
                         arrival time                          -7.180    
  -------------------------------------------------------------------
                         slack                                 -0.646    





Min Delay Paths
--------------------------------------------------------------------------------------
Slack (MET) :             0.007ns  (arrival time - required time)
  Source:                 ps/system_i/proc_sys_reset/U0/EXT_LPF/ACTIVE_LOW_AUX.ACT_LO_AUX/GENERATE_LEVEL_P_S_CDC.SINGLE_BIT.CROSS_PLEVEL_IN2SCNDRY_IN_cdc_to/C
                            (rising edge-triggered cell FDRE clocked by clk_fpga_3  {rise@0.000ns fall@2.500ns period=5.000ns})
  Destination:            ps/system_i/proc_sys_reset/U0/EXT_LPF/ACTIVE_LOW_AUX.ACT_LO_AUX/GENERATE_LEVEL_P_S_CDC.SINGLE_BIT.CROSS_PLEVEL_IN2SCNDRY_s_level_out_d2/D
                            (rising edge-triggered cell FDRE clocked by clk_fpga_3  {rise@0.000ns fall@2.500ns period=5.000ns})
  Path Group:             clk_fpga_3
  Path Type:              Hold (Min at Fast Process Corner)
  Requirement:            0.000ns  (clk_fpga_3 rise@0.000ns - clk_fpga_3 rise@0.000ns)
  Data Path Delay:        0.222ns  (logic 0.141ns (63.533%)  route 0.081ns (36.467%))
  Logic Levels:           0  
  Clock Path Skew:        0.145ns (DCD - SCD - CPR)
    Destination Clock Delay (DCD):    0.739ns
    Source Clock Delay      (SCD):    0.573ns
    Clock Pessimism Removal (CPR):    0.021ns

    Location             Delay type                Incr(ns)  Path(ns)    Netlist Resource(s)
  -------------------------------------------------------------------    -------------------
                         (clock clk_fpga_3 rise edge)
                                                      0.000     0.000 r  
    PS7_X0Y0             PS7                          0.000     0.000 r  ps/system_i/processing_system7/inst/PS7_i/FCLKCLK[3]
                         net (fo=1, unplaced)         0.337     0.337    ps/system_i/processing_system7/inst/FCLK_CLK_unbuffered[3]
                         BUFG (Prop_bufg_I_O)         0.026     0.363 r  ps/system_i/processing_system7/inst/buffer_fclk_clk_3.FCLK_CLK_3_BUFG/O
                         net (fo=954, unplaced)       0.210     0.573    ps/system_i/proc_sys_reset/U0/EXT_LPF/ACTIVE_LOW_AUX.ACT_LO_AUX/scndry_aclk
                         FDRE                                         r  ps/system_i/proc_sys_reset/U0/EXT_LPF/ACTIVE_LOW_AUX.ACT_LO_AUX/GENERATE_LEVEL_P_S_CDC.SINGLE_BIT.CROSS_PLEVEL_IN2SCNDRY_IN_cdc_to/C
  -------------------------------------------------------------------    -------------------
                         FDRE (Prop_fdre_C_Q)         0.141     0.714 r  ps/system_i/proc_sys_reset/U0/EXT_LPF/ACTIVE_LOW_AUX.ACT_LO_AUX/GENERATE_LEVEL_P_S_CDC.SINGLE_BIT.CROSS_PLEVEL_IN2SCNDRY_IN_cdc_to/Q
                         net (fo=1, unplaced)         0.081     0.795    ps/system_i/proc_sys_reset/U0/EXT_LPF/ACTIVE_LOW_AUX.ACT_LO_AUX/s_level_out_d1_cdc_to
                         FDRE                                         r  ps/system_i/proc_sys_reset/U0/EXT_LPF/ACTIVE_LOW_AUX.ACT_LO_AUX/GENERATE_LEVEL_P_S_CDC.SINGLE_BIT.CROSS_PLEVEL_IN2SCNDRY_s_level_out_d2/D
  -------------------------------------------------------------------    -------------------

                         (clock clk_fpga_3 rise edge)
                                                      0.000     0.000 r  
    PS7_X0Y0             PS7                          0.000     0.000 r  ps/system_i/processing_system7/inst/PS7_i/FCLKCLK[3]
                         net (fo=1, unplaced)         0.355     0.355    ps/system_i/processing_system7/inst/FCLK_CLK_unbuffered[3]
                         BUFG (Prop_bufg_I_O)         0.029     0.384 r  ps/system_i/processing_system7/inst/buffer_fclk_clk_3.FCLK_CLK_3_BUFG/O
                         net (fo=954, unplaced)       0.355     0.739    ps/system_i/proc_sys_reset/U0/EXT_LPF/ACTIVE_LOW_AUX.ACT_LO_AUX/scndry_aclk
                         FDRE                                         r  ps/system_i/proc_sys_reset/U0/EXT_LPF/ACTIVE_LOW_AUX.ACT_LO_AUX/GENERATE_LEVEL_P_S_CDC.SINGLE_BIT.CROSS_PLEVEL_IN2SCNDRY_s_level_out_d2/C
                         clock pessimism             -0.021     0.718    
                         FDRE (Hold_fdre_C_D)         0.070     0.788    ps/system_i/proc_sys_reset/U0/EXT_LPF/ACTIVE_LOW_AUX.ACT_LO_AUX/GENERATE_LEVEL_P_S_CDC.SINGLE_BIT.CROSS_PLEVEL_IN2SCNDRY_s_level_out_d2
  -------------------------------------------------------------------
                         required time                         -0.788    
                         arrival time                           0.795    
  -------------------------------------------------------------------
                         slack                                  0.007    





Pulse Width Checks
--------------------------------------------------------------------------------------
Clock Name:         clk_fpga_3
Waveform(ns):       { 0.000 2.500 }
Period(ns):         5.000
Sources:            { ps/system_i/processing_system7/inst/PS7_i/FCLKCLK[3] }

Check Type        Corner  Lib Pin     Reference Pin  Required(ns)  Actual(ns)  Slack(ns)  Location   Pin
Min Period        n/a     XADC/DCLK   n/a            4.000         5.000       1.000      XADC_X0Y0  ps/system_i/xadc/inst/AXI_XADC_CORE_I/XADC_INST/DCLK
Low Pulse Width   Slow    SRL16E/CLK  n/a            0.980         2.500       1.520                 ps/system_i/axi_protocol_converter_0/inst/gen_axilite.gen_b2s_conv.axilite_b2s/WR.b_channel_0/bid_fifo_0/memory_reg[3][0]_srl4/CLK
High Pulse Width  Fast    SRL16E/CLK  n/a            0.980         2.500       1.520                 ps/system_i/axi_protocol_converter_0/inst/gen_axilite.gen_b2s_conv.axilite_b2s/WR.b_channel_0/bid_fifo_0/memory_reg[3][0]_srl4/CLK



---------------------------------------------------------------------------------------------------
From Clock:  adc_clk
  To Clock:  pll_adc_clk

Setup :            0  Failing Endpoints,  Worst Slack        4.849ns,  Total Violation        0.000ns
Hold  :            0  Failing Endpoints,  Worst Slack        1.266ns,  Total Violation        0.000ns
---------------------------------------------------------------------------------------------------


Max Delay Paths
--------------------------------------------------------------------------------------
Slack (MET) :             4.849ns  (required time - arrival time)
  Source:                 adc_dat_i[0][7]
                            (input port clocked by adc_clk  {rise@0.000ns fall@4.000ns period=8.000ns})
  Destination:            adc_dat_raw_reg[0][5]/D
                            (rising edge-triggered cell FDRE clocked by pll_adc_clk  {rise@0.000ns fall@4.000ns period=8.000ns})
  Path Group:             pll_adc_clk
  Path Type:              Setup (Max at Fast Process Corner)
  Requirement:            8.000ns  (pll_adc_clk rise@8.000ns - adc_clk rise@0.000ns)
  Data Path Delay:        0.850ns  (logic 0.488ns (57.440%)  route 0.362ns (42.560%))
  Logic Levels:           1  (IBUF=1)
  Input Delay:            3.400ns
  Clock Path Skew:        1.267ns (DCD - SCD + CPR)
    Destination Clock Delay (DCD):    1.267ns = ( 9.267 - 8.000 ) 
    Source Clock Delay      (SCD):    0.000ns
    Clock Pessimism Removal (CPR):    0.000ns
  Clock Uncertainty:      0.166ns  ((TSJ^2 + DJ^2)^1/2) / 2 + PE
    Total System Jitter     (TSJ):    0.071ns
    Discrete Jitter          (DJ):    0.118ns
    Phase Error              (PE):    0.097ns

    Location             Delay type                Incr(ns)  Path(ns)    Netlist Resource(s)
  -------------------------------------------------------------------    -------------------
                         (clock adc_clk rise edge)    0.000     0.000 r  
                         input delay                  3.400     3.400    
    Y14                                               0.000     3.400 r  adc_dat_i[0][7] (IN)
                         net (fo=0)                   0.000     3.400    adc_dat_i[0][7]
    Y14                  IBUF (Prop_ibuf_I_O)         0.488     3.888 r  adc_dat_raw_reg[0][5]_i_1/O
                         net (fo=1, estimated)        0.362     4.250    adc_dat_raw_reg[0][5]_i_1_n_0
    ILOGIC_X0Y33         FDRE                                         r  adc_dat_raw_reg[0][5]/D
  -------------------------------------------------------------------    -------------------

                         (clock pll_adc_clk rise edge)
                                                      8.000     8.000 r  
    U18                                               0.000     8.000 r  adc_clk_i[1] (IN)
                         net (fo=0)                   0.000     8.000    adc_clk_i[1]
    U18                  IBUFDS (Prop_ibufds_I_O)     0.401     8.401 r  i_clk/O
                         net (fo=1, unplaced)         0.114     8.515    pll/clk
                         PLLE2_ADV (Prop_plle2_adv_CLKIN1_CLKOUT0)
                                                      0.051     8.566 r  pll/pll/CLKOUT0
                         net (fo=1, unplaced)         0.337     8.904    pll_adc_clk
                         BUFG (Prop_bufg_I_O)         0.026     8.930 r  bufg_adc_clk/O
                         net (fo=6520, unplaced)      0.337     9.267    adc_clk
    ILOGIC_X0Y33         FDRE                                         r  adc_dat_raw_reg[0][5]/C
                         clock pessimism              0.000     9.267    
                         clock uncertainty           -0.166     9.101    
    ILOGIC_X0Y33         FDRE (Setup_fdre_C_D)       -0.002     9.099    adc_dat_raw_reg[0][5]
  -------------------------------------------------------------------
                         required time                          9.099    
                         arrival time                          -4.250    
  -------------------------------------------------------------------
                         slack                                  4.849    





Min Delay Paths
--------------------------------------------------------------------------------------
Slack (MET) :             1.266ns  (arrival time - required time)
  Source:                 adc_dat_i[1][3]
                            (input port clocked by adc_clk  {rise@0.000ns fall@4.000ns period=8.000ns})
  Destination:            adc_dat_raw_reg[1][1]/D
                            (rising edge-triggered cell FDRE clocked by pll_adc_clk  {rise@0.000ns fall@4.000ns period=8.000ns})
  Path Group:             pll_adc_clk
  Path Type:              Hold (Min at Slow Process Corner)
  Requirement:            0.000ns  (pll_adc_clk rise@0.000ns - adc_clk rise@0.000ns)
  Data Path Delay:        1.579ns  (logic 0.805ns (50.978%)  route 0.774ns (49.022%))
  Logic Levels:           1  (IBUF=1)
  Input Delay:            3.400ns
  Clock Path Skew:        3.357ns (DCD - SCD - CPR)
    Destination Clock Delay (DCD):    3.357ns
    Source Clock Delay      (SCD):    0.000ns
    Clock Pessimism Removal (CPR):    -0.000ns
  Clock Uncertainty:      0.166ns  ((TSJ^2 + DJ^2)^1/2) / 2 + PE
    Total System Jitter     (TSJ):    0.071ns
    Discrete Jitter          (DJ):    0.118ns
    Phase Error              (PE):    0.097ns

    Location             Delay type                Incr(ns)  Path(ns)    Netlist Resource(s)
  -------------------------------------------------------------------    -------------------
                         (clock adc_clk rise edge)    0.000     0.000 r  
                         input delay                  3.400     3.400    
    P16                                               0.000     3.400 r  adc_dat_i[1][3] (IN)
                         net (fo=0)                   0.000     3.400    adc_dat_i[1][3]
    P16                  IBUF (Prop_ibuf_I_O)         0.805     4.205 r  adc_dat_raw_reg[1][1]_i_1/O
                         net (fo=1, estimated)        0.774     4.979    adc_dat_raw_reg[1][1]_i_1_n_0
    ILOGIC_X0Y1          FDRE                                         r  adc_dat_raw_reg[1][1]/D
  -------------------------------------------------------------------    -------------------

                         (clock pll_adc_clk rise edge)
                                                      0.000     0.000 r  
    U18                                               0.000     0.000 r  adc_clk_i[1] (IN)
                         net (fo=0)                   0.000     0.000    adc_clk_i[1]
    U18                  IBUFDS (Prop_ibufds_I_O)     0.983     0.983 r  i_clk/O
                         net (fo=1, unplaced)         0.584     1.567    pll/clk
                         PLLE2_ADV (Prop_plle2_adv_CLKIN1_CLKOUT0)
                                                      0.089     1.656 r  pll/pll/CLKOUT0
                         net (fo=1, unplaced)         0.800     2.456    pll_adc_clk
                         BUFG (Prop_bufg_I_O)         0.101     2.557 r  bufg_adc_clk/O
                         net (fo=6520, unplaced)      0.800     3.357    adc_clk
    ILOGIC_X0Y1          FDRE                                         r  adc_dat_raw_reg[1][1]/C
                         clock pessimism              0.000     3.357    
                         clock uncertainty            0.166     3.522    
    ILOGIC_X0Y1          FDRE (Hold_fdre_C_D)         0.191     3.713    adc_dat_raw_reg[1][1]
  -------------------------------------------------------------------
                         required time                         -3.713    
                         arrival time                           4.979    
  -------------------------------------------------------------------
                         slack                                  1.266    





---------------------------------------------------------------------------------------------------
From Clock:  pll_adc_clk
  To Clock:  pll_dac_clk_1x

Setup :            0  Failing Endpoints,  Worst Slack        4.530ns,  Total Violation        0.000ns
Hold  :           14  Failing Endpoints,  Worst Slack       -0.071ns,  Total Violation       -0.973ns
---------------------------------------------------------------------------------------------------


Max Delay Paths
--------------------------------------------------------------------------------------
Slack (MET) :             4.530ns  (required time - arrival time)
  Source:                 i_pgen/pid_reg_reg/CLK
                            (rising edge-triggered cell DSP48E1 clocked by pll_adc_clk  {rise@0.000ns fall@4.000ns period=8.000ns})
  Destination:            dac_dat_b_reg[0]/D
                            (rising edge-triggered cell FDRE clocked by pll_dac_clk_1x  {rise@0.000ns fall@4.000ns period=8.000ns})
  Path Group:             pll_dac_clk_1x
  Path Type:              Setup (Max at Slow Process Corner)
  Requirement:            8.000ns  (pll_dac_clk_1x rise@8.000ns - pll_adc_clk rise@0.000ns)
  Data Path Delay:        3.115ns  (logic 2.315ns (74.325%)  route 0.800ns (25.675%))
  Logic Levels:           1  (LUT1=1)
  Clock Path Skew:        -0.195ns (DCD - SCD + CPR)
    Destination Clock Delay (DCD):    2.969ns = ( 10.969 - 8.000 ) 
    Source Clock Delay      (SCD):    3.357ns
    Clock Pessimism Removal (CPR):    0.193ns
  Clock Uncertainty:      0.189ns  ((TSJ^2 + DJ^2)^1/2) / 2 + PE
    Total System Jitter     (TSJ):    0.071ns
    Discrete Jitter          (DJ):    0.118ns
    Phase Error              (PE):    0.120ns

    Location             Delay type                Incr(ns)  Path(ns)    Netlist Resource(s)
  -------------------------------------------------------------------    -------------------
                         (clock pll_adc_clk rise edge)
                                                      0.000     0.000 r  
    U18                                               0.000     0.000 r  adc_clk_i[1] (IN)
                         net (fo=0)                   0.000     0.000    adc_clk_i[1]
    U18                  IBUFDS (Prop_ibufds_I_O)     0.983     0.983 r  i_clk/O
                         net (fo=1, unplaced)         0.584     1.567    pll/clk
                         PLLE2_ADV (Prop_plle2_adv_CLKIN1_CLKOUT0)
                                                      0.089     1.656 r  pll/pll/CLKOUT0
                         net (fo=1, unplaced)         0.800     2.456    pll_adc_clk
                         BUFG (Prop_bufg_I_O)         0.101     2.557 r  bufg_adc_clk/O
                         net (fo=6520, unplaced)      0.800     3.357    i_pgen/clk_i
                         DSP48E1                                      r  i_pgen/pid_reg_reg/CLK
  -------------------------------------------------------------------    -------------------
                         DSP48E1 (Prop_dsp48e1_CLK_P[15])
                                                      2.191     5.548 f  i_pgen/pid_reg_reg/P[15]
                         net (fo=3, unplaced)         0.800     6.347    asg_dat[1][0]
                         LUT1 (Prop_lut1_I0_O)        0.124     6.471 r  dac_dat_b[0]_i_1/O
                         net (fo=1, unplaced)         0.000     6.471    p_1_out[0]
                         FDRE                                         r  dac_dat_b_reg[0]/D
  -------------------------------------------------------------------    -------------------

                         (clock pll_dac_clk_1x rise edge)
                                                      8.000     8.000 r  
    U18                                               0.000     8.000 r  adc_clk_i[1] (IN)
                         net (fo=0)                   0.000     8.000    adc_clk_i[1]
    U18                  IBUFDS (Prop_ibufds_I_O)     0.940     8.940 r  i_clk/O
                         net (fo=1, unplaced)         0.439     9.379    pll/clk
                         PLLE2_ADV (Prop_plle2_adv_CLKIN1_CLKOUT1)
                                                      0.084     9.463 r  pll/pll/CLKOUT1
                         net (fo=1, unplaced)         0.760    10.223    pll_dac_clk_1x
                         BUFG (Prop_bufg_I_O)         0.091    10.314 r  bufg_dac_clk_1x/O
                         net (fo=45, unplaced)        0.655    10.969    dac_clk_1x
                         FDRE                                         r  dac_dat_b_reg[0]/C
                         clock pessimism              0.193    11.162    
                         clock uncertainty           -0.189    10.973    
                         FDRE (Setup_fdre_C_D)        0.029    11.002    dac_dat_b_reg[0]
  -------------------------------------------------------------------
                         required time                         11.002    
                         arrival time                          -6.471    
  -------------------------------------------------------------------
                         slack                                  4.530    





Min Delay Paths
--------------------------------------------------------------------------------------
Slack (VIOLATED) :        -0.071ns  (arrival time - required time)
  Source:                 i_pgen/gen_out_reg[0]/C
                            (rising edge-triggered cell FDRE clocked by pll_adc_clk  {rise@0.000ns fall@4.000ns period=8.000ns})
  Destination:            dac_dat_a_reg[0]/D
                            (rising edge-triggered cell FDRE clocked by pll_dac_clk_1x  {rise@0.000ns fall@4.000ns period=8.000ns})
  Path Group:             pll_dac_clk_1x
  Path Type:              Hold (Min at Fast Process Corner)
  Requirement:            0.000ns  (pll_dac_clk_1x rise@0.000ns - pll_adc_clk rise@0.000ns)
  Data Path Delay:        0.375ns  (logic 0.239ns (63.779%)  route 0.136ns (36.221%))
  Logic Levels:           1  (LUT1=1)
  Clock Path Skew:        0.166ns (DCD - SCD - CPR)
    Destination Clock Delay (DCD):    1.485ns
    Source Clock Delay      (SCD):    1.139ns
    Clock Pessimism Removal (CPR):    0.179ns
  Clock Uncertainty:      0.189ns  ((TSJ^2 + DJ^2)^1/2) / 2 + PE
    Total System Jitter     (TSJ):    0.071ns
    Discrete Jitter          (DJ):    0.118ns
    Phase Error              (PE):    0.120ns

    Location             Delay type                Incr(ns)  Path(ns)    Netlist Resource(s)
  -------------------------------------------------------------------    -------------------
                         (clock pll_adc_clk rise edge)
                                                      0.000     0.000 r  
    U18                                               0.000     0.000 r  adc_clk_i[1] (IN)
                         net (fo=0)                   0.000     0.000    adc_clk_i[1]
    U18                  IBUFDS (Prop_ibufds_I_O)     0.401     0.401 r  i_clk/O
                         net (fo=1, unplaced)         0.114     0.515    pll/clk
                         PLLE2_ADV (Prop_plle2_adv_CLKIN1_CLKOUT0)
                                                      0.051     0.566 r  pll/pll/CLKOUT0
                         net (fo=1, unplaced)         0.337     0.904    pll_adc_clk
                         BUFG (Prop_bufg_I_O)         0.026     0.930 r  bufg_adc_clk/O
                         net (fo=6520, unplaced)      0.210     1.139    i_pgen/clk_i
                         FDRE                                         r  i_pgen/gen_out_reg[0]/C
  -------------------------------------------------------------------    -------------------
                         FDRE (Prop_fdre_C_Q)         0.141     1.280 f  i_pgen/gen_out_reg[0]/Q
                         net (fo=2, unplaced)         0.136     1.416    asg_dat[0][0]
                         LUT1 (Prop_lut1_I0_O)        0.098     1.514 r  dac_dat_a[0]_i_1/O
                         net (fo=1, unplaced)         0.000     1.514    dac_dat_a[0]_i_1_n_0
                         FDRE                                         r  dac_dat_a_reg[0]/D
  -------------------------------------------------------------------    -------------------

                         (clock pll_dac_clk_1x rise edge)
                                                      0.000     0.000 r  
    U18                                               0.000     0.000 r  adc_clk_i[1] (IN)
                         net (fo=0)                   0.000     0.000    adc_clk_i[1]
    U18                  IBUFDS (Prop_ibufds_I_O)     0.433     0.433 r  i_clk/O
                         net (fo=1, unplaced)         0.259     0.692    pll/clk
                         PLLE2_ADV (Prop_plle2_adv_CLKIN1_CLKOUT1)
                                                      0.054     0.746 r  pll/pll/CLKOUT1
                         net (fo=1, unplaced)         0.355     1.101    pll_dac_clk_1x
                         BUFG (Prop_bufg_I_O)         0.029     1.130 r  bufg_dac_clk_1x/O
                         net (fo=45, unplaced)        0.355     1.485    dac_clk_1x
                         FDRE                                         r  dac_dat_a_reg[0]/C
                         clock pessimism             -0.179     1.305    
                         clock uncertainty            0.189     1.494    
                         FDRE (Hold_fdre_C_D)         0.091     1.585    dac_dat_a_reg[0]
  -------------------------------------------------------------------
                         required time                         -1.585    
                         arrival time                           1.514    
  -------------------------------------------------------------------
                         slack                                 -0.071    





---------------------------------------------------------------------------------------------------
From Clock:  pll_adc_clk
  To Clock:  pll_pwm_clk

Setup :            0  Failing Endpoints,  Worst Slack        2.077ns,  Total Violation        0.000ns
Hold  :           92  Failing Endpoints,  Worst Slack       -0.071ns,  Total Violation       -5.894ns
---------------------------------------------------------------------------------------------------


Max Delay Paths
--------------------------------------------------------------------------------------
Slack (MET) :             2.077ns  (required time - arrival time)
  Source:                 i_ams/dac_a_o_reg[15]/C
                            (rising edge-triggered cell FDRE clocked by pll_adc_clk  {rise@0.000ns fall@4.000ns period=8.000ns})
  Destination:            pwm[0]/b_reg[15]/D
                            (rising edge-triggered cell FDRE clocked by pll_pwm_clk  {rise@0.000ns fall@2.000ns period=4.000ns})
  Path Group:             pll_pwm_clk
  Path Type:              Setup (Max at Slow Process Corner)
  Requirement:            4.000ns  (pll_pwm_clk rise@4.000ns - pll_adc_clk rise@0.000ns)
  Data Path Delay:        1.568ns  (logic 0.751ns (47.895%)  route 0.817ns (52.105%))
  Logic Levels:           1  (LUT5=1)
  Clock Path Skew:        -0.195ns (DCD - SCD + CPR)
    Destination Clock Delay (DCD):    2.969ns = ( 6.969 - 4.000 ) 
    Source Clock Delay      (SCD):    3.357ns
    Clock Pessimism Removal (CPR):    0.193ns
  Clock Uncertainty:      0.189ns  ((TSJ^2 + DJ^2)^1/2) / 2 + PE
    Total System Jitter     (TSJ):    0.071ns
    Discrete Jitter          (DJ):    0.118ns
    Phase Error              (PE):    0.120ns

    Location             Delay type                Incr(ns)  Path(ns)    Netlist Resource(s)
  -------------------------------------------------------------------    -------------------
                         (clock pll_adc_clk rise edge)
                                                      0.000     0.000 r  
    U18                                               0.000     0.000 r  adc_clk_i[1] (IN)
                         net (fo=0)                   0.000     0.000    adc_clk_i[1]
    U18                  IBUFDS (Prop_ibufds_I_O)     0.983     0.983 r  i_clk/O
                         net (fo=1, unplaced)         0.584     1.567    pll/clk
                         PLLE2_ADV (Prop_plle2_adv_CLKIN1_CLKOUT0)
                                                      0.089     1.656 r  pll/pll/CLKOUT0
                         net (fo=1, unplaced)         0.800     2.456    pll_adc_clk
                         BUFG (Prop_bufg_I_O)         0.101     2.557 r  bufg_adc_clk/O
                         net (fo=6520, unplaced)      0.800     3.357    i_ams/clk_i
                         FDRE                                         r  i_ams/dac_a_o_reg[15]/C
  -------------------------------------------------------------------    -------------------
                         FDRE (Prop_fdre_C_Q)         0.456     3.813 r  i_ams/dac_a_o_reg[15]/Q
                         net (fo=2, unplaced)         0.817     4.630    pwm[0]/cfg[15]
                         LUT5 (Prop_lut5_I0_O)        0.295     4.925 r  pwm[0]/b[15]_i_2/O
                         net (fo=1, unplaced)         0.000     4.925    pwm[0]/p_0_in[15]
                         FDRE                                         r  pwm[0]/b_reg[15]/D
  -------------------------------------------------------------------    -------------------

                         (clock pll_pwm_clk rise edge)
                                                      4.000     4.000 r  
    U18                                               0.000     4.000 r  adc_clk_i[1] (IN)
                         net (fo=0)                   0.000     4.000    adc_clk_i[1]
    U18                  IBUFDS (Prop_ibufds_I_O)     0.940     4.940 r  i_clk/O
                         net (fo=1, unplaced)         0.439     5.379    pll/clk
                         PLLE2_ADV (Prop_plle2_adv_CLKIN1_CLKOUT5)
                                                      0.084     5.463 r  pll/pll/CLKOUT5
                         net (fo=1, unplaced)         0.760     6.223    pll_pwm_clk
                         BUFG (Prop_bufg_I_O)         0.091     6.314 r  bufg_pwm_clk/O
                         net (fo=213, unplaced)       0.655     6.969    pwm[0]/clk
                         FDRE                                         r  pwm[0]/b_reg[15]/C
                         clock pessimism              0.193     7.162    
                         clock uncertainty           -0.189     6.973    
                         FDRE (Setup_fdre_C_D)        0.029     7.002    pwm[0]/b_reg[15]
  -------------------------------------------------------------------
                         required time                          7.002    
                         arrival time                          -4.925    
  -------------------------------------------------------------------
                         slack                                  2.077    





Min Delay Paths
--------------------------------------------------------------------------------------
Slack (VIOLATED) :        -0.071ns  (arrival time - required time)
  Source:                 i_ams/dac_a_o_reg[0]/C
                            (rising edge-triggered cell FDRE clocked by pll_adc_clk  {rise@0.000ns fall@4.000ns period=8.000ns})
  Destination:            pwm[0]/b_reg[0]/D
                            (rising edge-triggered cell FDRE clocked by pll_pwm_clk  {rise@0.000ns fall@2.000ns period=4.000ns})
  Path Group:             pll_pwm_clk
  Path Type:              Hold (Min at Fast Process Corner)
  Requirement:            0.000ns  (pll_pwm_clk rise@0.000ns - pll_adc_clk rise@0.000ns)
  Data Path Delay:        0.375ns  (logic 0.239ns (63.779%)  route 0.136ns (36.221%))
  Logic Levels:           1  (LUT6=1)
  Clock Path Skew:        0.166ns (DCD - SCD - CPR)
    Destination Clock Delay (DCD):    1.485ns
    Source Clock Delay      (SCD):    1.139ns
    Clock Pessimism Removal (CPR):    0.179ns
  Clock Uncertainty:      0.189ns  ((TSJ^2 + DJ^2)^1/2) / 2 + PE
    Total System Jitter     (TSJ):    0.071ns
    Discrete Jitter          (DJ):    0.118ns
    Phase Error              (PE):    0.120ns

    Location             Delay type                Incr(ns)  Path(ns)    Netlist Resource(s)
  -------------------------------------------------------------------    -------------------
                         (clock pll_adc_clk rise edge)
                                                      0.000     0.000 r  
    U18                                               0.000     0.000 r  adc_clk_i[1] (IN)
                         net (fo=0)                   0.000     0.000    adc_clk_i[1]
    U18                  IBUFDS (Prop_ibufds_I_O)     0.401     0.401 r  i_clk/O
                         net (fo=1, unplaced)         0.114     0.515    pll/clk
                         PLLE2_ADV (Prop_plle2_adv_CLKIN1_CLKOUT0)
                                                      0.051     0.566 r  pll/pll/CLKOUT0
                         net (fo=1, unplaced)         0.337     0.904    pll_adc_clk
                         BUFG (Prop_bufg_I_O)         0.026     0.930 r  bufg_adc_clk/O
                         net (fo=6520, unplaced)      0.210     1.139    i_ams/clk_i
                         FDRE                                         r  i_ams/dac_a_o_reg[0]/C
  -------------------------------------------------------------------    -------------------
                         FDRE (Prop_fdre_C_Q)         0.141     1.280 r  i_ams/dac_a_o_reg[0]/Q
                         net (fo=2, unplaced)         0.136     1.416    pwm[0]/cfg[0]
                         LUT6 (Prop_lut6_I5_O)        0.098     1.514 r  pwm[0]/b[0]_i_1/O
                         net (fo=1, unplaced)         0.000     1.514    pwm[0]/p_0_in[0]
                         FDRE                                         r  pwm[0]/b_reg[0]/D
  -------------------------------------------------------------------    -------------------

                         (clock pll_pwm_clk rise edge)
                                                      0.000     0.000 r  
    U18                                               0.000     0.000 r  adc_clk_i[1] (IN)
                         net (fo=0)                   0.000     0.000    adc_clk_i[1]
    U18                  IBUFDS (Prop_ibufds_I_O)     0.433     0.433 r  i_clk/O
                         net (fo=1, unplaced)         0.259     0.692    pll/clk
                         PLLE2_ADV (Prop_plle2_adv_CLKIN1_CLKOUT5)
                                                      0.054     0.746 r  pll/pll/CLKOUT5
                         net (fo=1, unplaced)         0.355     1.101    pll_pwm_clk
                         BUFG (Prop_bufg_I_O)         0.029     1.130 r  bufg_pwm_clk/O
                         net (fo=213, unplaced)       0.355     1.485    pwm[0]/clk
                         FDRE                                         r  pwm[0]/b_reg[0]/C
                         clock pessimism             -0.179     1.305    
                         clock uncertainty            0.189     1.494    
                         FDRE (Hold_fdre_C_D)         0.091     1.585    pwm[0]/b_reg[0]
  -------------------------------------------------------------------
                         required time                         -1.585    
                         arrival time                           1.514    
  -------------------------------------------------------------------
                         slack                                 -0.071    





