Copyright 1986-2017 Xilinx, Inc. All Rights Reserved.
----------------------------------------------------------------------------------------------------------------
| Tool Version : Vivado v.2017.2 (win64) Build 1909853 Thu Jun 15 18:39:09 MDT 2017
| Date         : Thu May  3 16:12:04 2018
| Host         : telefonmann running 64-bit Service Pack 1  (build 7601)
| Command      : report_timing -file out/post_route_timing.rpt -sort_by group -max_paths 100 -path_type summary
| Design       : red_pitaya_top
| Device       : 7z010-clg400
| Speed File   : -1  PRODUCTION 1.11 2014-09-11
----------------------------------------------------------------------------------------------------------------

Timing Report

Startpoint                     Endpoint                       Slack(ns)     
----------------------------------------------------------------------------
i_scope/set_a_filt_aa_reg[1]_replica/C
                               i_scope/i_dfilt1_cha/aa_mult/A[28]
                                                              -1.676        
i_scope/set_a_filt_aa_reg[1]_replica/C
                               i_scope/i_dfilt1_cha/aa_mult/A[29]
                                                              -1.676        
i_scope/set_a_filt_aa_reg[1]_replica/C
                               i_scope/i_dfilt1_cha/aa_mult/A[24]
                                                              -1.575        
i_scope/set_a_filt_aa_reg[1]_replica/C
                               i_scope/i_dfilt1_cha/aa_mult/A[25]
                                                              -1.575        
i_scope/set_a_filt_aa_reg[1]_replica/C
                               i_scope/i_dfilt1_cha/aa_mult/A[26]
                                                              -1.575        
i_scope/set_a_filt_aa_reg[1]_replica/C
                               i_scope/i_dfilt1_cha/aa_mult/A[27]
                                                              -1.575        
i_scope/set_a_filt_aa_reg[1]_replica/C
                               i_scope/i_dfilt1_cha/aa_mult/A[22]
                                                              -1.570        
i_scope/set_a_filt_aa_reg[1]_replica/C
                               i_scope/i_dfilt1_cha/aa_mult/A[23]
                                                              -1.570        
i_scope/set_a_filt_aa_reg[1]_replica/C
                               i_scope/i_dfilt1_cha/aa_mult/A[21]
                                                              -1.490        
i_scope/set_a_filt_aa_reg[1]_replica/C
                               i_scope/i_dfilt1_cha/aa_mult/A[20]
                                                              -1.383        
i_scope/set_a_filt_aa_reg[1]_replica/C
                               i_scope/i_dfilt1_cha/aa_mult/A[17]
                                                              -1.349        
i_scope/set_b_filt_aa_reg[17]_replica/C
                               i_scope/i_dfilt1_chb/aa_mult/A[29]
                                                              -1.313        
i_scope/set_b_filt_aa_reg[17]_replica/C
                               i_scope/i_dfilt1_chb/aa_mult/A[22]
                                                              -1.288        
i_scope/set_b_filt_aa_reg[17]_replica/C
                               i_scope/i_dfilt1_chb/aa_mult/A[24]
                                                              -1.284        
i_scope/set_b_filt_aa_reg[17]_replica/C
                               i_scope/i_dfilt1_chb/aa_mult/A[25]
                                                              -1.284        
i_scope/set_b_filt_aa_reg[17]_replica/C
                               i_scope/i_dfilt1_chb/aa_mult/A[26]
                                                              -1.284        
i_scope/set_b_filt_aa_reg[17]_replica/C
                               i_scope/i_dfilt1_chb/aa_mult/A[27]
                                                              -1.274        
i_scope/set_b_filt_aa_reg[17]_replica/C
                               i_scope/i_dfilt1_chb/aa_mult/A[21]
                                                              -1.271        
i_scope/set_b_filt_aa_reg[17]_replica/C
                               i_scope/i_dfilt1_chb/aa_mult/A[23]
                                                              -1.265        
i_scope/set_a_filt_aa_reg[1]_replica/C
                               i_scope/i_dfilt1_cha/aa_mult/A[18]
                                                              -1.253        
i_scope/set_a_filt_aa_reg[1]_replica/C
                               i_scope/i_dfilt1_cha/aa_mult/A[15]
                                                              -1.219        
i_scope/set_a_filt_aa_reg[1]_replica/C
                               i_scope/i_dfilt1_cha/aa_mult/A[13]
                                                              -1.206        
i_scope/set_a_filt_aa_reg[1]_replica/C
                               i_scope/i_dfilt1_cha/aa_mult/A[19]
                                                              -1.190        
i_scope/set_a_filt_aa_reg[1]_replica/C
                               i_scope/i_dfilt1_cha/aa_mult/A[14]
                                                              -1.187        
ps/axi_slave_gp0/wr_wdata_reg[8]/C
                               i_scope/set_a_axi_stop_reg[8]/D
                                                              -1.143        
i_scope/set_a_filt_aa_reg[1]_replica/C
                               i_scope/i_dfilt1_cha/aa_mult/A[16]
                                                              -1.140        
i_scope/set_b_filt_aa_reg[17]_replica/C
                               i_scope/i_dfilt1_chb/aa_mult/A[19]
                                                              -1.139        
i_scope/set_b_filt_aa_reg[17]_replica/C
                               i_scope/i_dfilt1_chb/aa_mult/A[28]
                                                              -1.124        
i_scope/set_b_filt_aa_reg[17]_replica/C
                               i_scope/i_dfilt1_chb/aa_mult/A[18]
                                                              -1.096        
i_scope/set_b_filt_aa_reg[17]_replica/C
                               i_scope/i_dfilt1_chb/aa_mult/A[17]
                                                              -1.090        
i_scope/set_b_filt_aa_reg[17]_replica/C
                               i_scope/i_dfilt1_chb/aa_mult/A[20]
                                                              -1.086        
i_scope/set_a_filt_aa_reg[1]_replica/C
                               i_scope/i_dfilt1_cha/aa_mult/A[9]
                                                              -1.080        
i_scope/set_b_filt_aa_reg[17]_replica/C
                               i_scope/i_dfilt1_chb/aa_mult/A[16]
                                                              -1.076        
i_scope/set_a_filt_aa_reg[1]_replica/C
                               i_scope/i_dfilt1_cha/aa_mult/A[8]
                                                              -1.044        
ps/axi_slave_gp0/wr_wdata_reg[8]/C
                               i_scope/set_b_axi_start_reg[8]/D
                                                              -1.039        
i_scope/set_a_filt_aa_reg[1]_replica/C
                               i_scope/i_dfilt1_cha/aa_mult/A[5]
                                                              -1.019        
i_asg/ch[1]/dac_o_reg[5]/C     i_pid/i_pid22/int_sum/A[17]    -1.018        
i_asg/ch[1]/dac_o_reg[5]/C     i_pid/i_pid22/int_sum/A[18]    -1.018        
i_asg/ch[1]/dac_o_reg[5]/C     i_pid/i_pid22/int_sum/A[19]    -1.018        
i_scope/set_a_filt_aa_reg[1]_replica/C
                               i_scope/i_dfilt1_cha/aa_mult/A[12]
                                                              -0.996        
i_scope/set_b_filt_aa_reg[17]_replica/C
                               i_scope/i_dfilt1_chb/aa_mult/A[14]
                                                              -0.991        
i_scope/set_b_filt_aa_reg[17]_replica/C
                               i_scope/i_dfilt1_chb/aa_mult/A[9]
                                                              -0.986        
i_scope/set_b_filt_aa_reg[17]_replica/C
                               i_scope/i_dfilt1_chb/aa_mult/A[11]
                                                              -0.967        
i_asg/ch[1]/dac_o_reg[5]/C     i_pid/i_pid22/int_sum/A[24]    -0.947        
i_scope/set_a_filt_aa_reg[1]_replica/C
                               i_scope/i_dfilt1_cha/aa_mult/A[7]
                                                              -0.947        
i_scope/set_b_filt_aa_reg[17]_replica/C
                               i_scope/i_dfilt1_chb/aa_mult/A[15]
                                                              -0.941        
i_scope/set_a_filt_aa_reg[1]_replica/C
                               i_scope/i_dfilt1_cha/aa_mult/A[1]
                                                              -0.939        
i_scope/set_a_filt_aa_reg[1]_replica/C
                               i_scope/i_dfilt1_cha/aa_mult/A[11]
                                                              -0.939        
i_scope/set_a_filt_aa_reg[1]_replica/C
                               i_scope/i_dfilt1_cha/aa_mult/A[3]
                                                              -0.935        
i_asg/ch[1]/dac_o_reg[5]/C     i_pid/i_pid22/int_sum/A[20]    -0.925        
i_asg/ch[1]/dac_o_reg[5]/C     i_pid/i_pid22/int_sum/A[21]    -0.925        
i_asg/ch[1]/dac_o_reg[5]/C     i_pid/i_pid22/int_sum/A[22]    -0.925        
i_asg/ch[1]/dac_o_reg[5]/C     i_pid/i_pid22/int_sum/A[23]    -0.925        
i_scope/set_b_filt_aa_reg[17]_replica/C
                               i_scope/i_dfilt1_chb/aa_mult/A[13]
                                                              -0.903        
i_asg/ch[1]/dac_o_reg[5]/C     i_pid/i_pid22/int_sum/A[29]    -0.897        
i_asg/ch[1]/dac_o_reg[5]/C     i_pid/i_pid22/int_sum/A[14]    -0.891        
i_asg/ch[1]/dac_o_reg[5]/C     i_pid/i_pid22/int_sum/A[15]    -0.891        
ps/axi_slave_gp0/wr_awaddr_reg[8]/C
                               adc_dat_raw_reg[1][12]/CE      -0.890        
i_scope/set_b_filt_aa_reg[17]_replica/C
                               i_scope/i_dfilt1_chb/aa_mult/A[6]
                                                              -0.887        
i_asg/ch[1]/dac_o_reg[5]/C     i_pid/i_pid22/int_sum/A[16]    -0.883        
ps/axi_slave_gp0/wr_awaddr_reg[8]/C
                               adc_dat_raw_reg[1][3]/CE       -0.878        
ps/axi_slave_gp0/wr_awaddr_reg[8]/C
                               adc_dat_raw_reg[1][1]/CE       -0.874        
i_scope/set_a_filt_aa_reg[1]_replica/C
                               i_scope/i_dfilt1_cha/aa_mult/A[6]
                                                              -0.869        
i_asg/ch[1]/dac_o_reg[5]/C     i_pid/i_pid22/kd_mult/A[18]    -0.857        
i_asg/ch[1]/dac_o_reg[5]/C     i_pid/i_pid22/kd_mult/A[19]    -0.857        
i_asg/ch[1]/dac_o_reg[5]/C     i_pid/i_pid22/kp_mult/A[16]    -0.857        
ps/axi_slave_gp0/wr_awaddr_reg[8]/C
                               adc_dat_raw_reg[1][2]/CE       -0.855        
i_scope/set_a_filt_aa_reg[1]_replica/C
                               i_scope/i_dfilt1_cha/aa_mult/A[10]
                                                              -0.853        
ps/axi_slave_gp0/wr_awaddr_reg[8]/C
                               adc_dat_raw_reg[1][10]/CE      -0.841        
ps/axi_slave_gp0/wr_awaddr_reg[8]/C
                               adc_dat_raw_reg[1][6]/CE       -0.839        
i_asg/ch[1]/dac_o_reg[5]/C     i_pid/i_pid22/int_sum/A[12]    -0.839        
i_scope/set_a_filt_aa_reg[1]_replica/C
                               i_scope/i_dfilt1_cha/aa_mult/A[0]
                                                              -0.837        
i_scope/set_b_filt_aa_reg[17]_replica/C
                               i_scope/i_dfilt1_chb/aa_mult/A[8]
                                                              -0.834        
ps/system_i/xadc/inst/AXI_LITE_IPIF_I/I_SLAVE_ATTACHMENT/INCLUDE_DPHASE_TIMER.dpto_cnt_reg[6]/C
                               ps/system_i/axi_protocol_converter_0/inst/gen_axilite.gen_b2s_conv.axilite_b2s/WR.aw_channel_0/cmd_translator_0/incr_cmd_0/axaddr_incr_reg[11]/D
                                                              -0.823        
i_asg/ch[1]/dac_o_reg[5]/C     i_pid/i_pid22/kd_mult/A[16]    -0.823        
ps/axi_slave_gp0/wr_wdata_reg[8]/C
                               i_scope/set_a_axi_start_reg[8]/D
                                                              -0.820        
i_asg/ch[1]/dac_o_reg[5]/C     i_pid/i_pid22/kp_mult/A[18]    -0.820        
i_asg/ch[1]/dac_o_reg[5]/C     i_pid/i_pid22/kp_mult/A[14]    -0.817        
i_asg/ch[1]/dac_o_reg[5]/C     i_pid/i_pid22/kp_mult/A[15]    -0.817        
i_scope/set_a_filt_aa_reg[1]_replica/C
                               i_scope/i_dfilt1_cha/aa_mult/A[2]
                                                              -0.814        
i_asg/ch[1]/dac_o_reg[5]/C     i_pid/i_pid22/kp_mult/A[17]    -0.809        
i_asg/ch[1]/dac_o_reg[5]/C     i_pid/i_pid22/kp_mult/A[19]    -0.809        
i_scope/set_b_filt_aa_reg[17]_replica/C
                               i_scope/i_dfilt1_chb/aa_mult/A[5]
                                                              -0.801        
i_asg/ch[1]/dac_o_reg[5]/C     i_pid/i_pid22/kd_mult/A[17]    -0.797        
i_asg/ch[1]/dac_o_reg[5]/C     i_pid/i_pid22/kd_mult/A[14]    -0.795        
i_asg/ch[1]/dac_o_reg[5]/C     i_pid/i_pid22/kd_mult/A[15]    -0.795        
i_scope/set_b_filt_aa_reg[17]_replica/C
                               i_scope/i_dfilt1_chb/aa_mult/A[10]
                                                              -0.785        
i_asg/ch[1]/dac_o_reg[5]/C     i_pid/i_pid12/int_sum/A[18]    -0.782        
i_asg/ch[1]/dac_o_reg[5]/C     i_pid/i_pid12/int_sum/A[19]    -0.782        
i_scope/set_a_filt_aa_reg[1]_replica/C
                               i_scope/i_dfilt1_cha/aa_mult/A[4]
                                                              -0.776        
i_asg/ch[1]/dac_o_reg[5]/C     i_pid/i_pid22/int_sum/A[13]    -0.766        
ps/axi_slave_gp0/wr_wdata_reg[6]/C
                               i_scope/set_b_axi_stop_reg[6]/D
                                                              -0.764        
i_asg/ch[1]/dac_o_reg[5]/C     i_pid/i_pid22/int_sum/A[25]    -0.757        
i_asg/ch[1]/dac_o_reg[5]/C     i_pid/i_pid22/int_sum/A[26]    -0.757        
i_asg/ch[1]/dac_o_reg[5]/C     i_pid/i_pid22/int_sum/A[27]    -0.757        
i_asg/ch[1]/dac_o_reg[5]/C     i_pid/i_pid12/int_sum/A[14]    -0.757        
i_asg/ch[1]/dac_o_reg[5]/C     i_pid/i_pid12/int_sum/A[15]    -0.757        
i_scope/set_b_filt_aa_reg[17]_replica/C
                               i_scope/i_dfilt1_chb/aa_mult/A[4]
                                                              -0.755        
i_scope/set_b_filt_aa_reg[17]_replica/C
                               i_scope/i_dfilt1_chb/aa_mult/A[7]
                                                              -0.754        
i_asg/ch[1]/dac_o_reg[5]/C     i_pid/i_pid12/kp_mult/A[18]    -0.747        
i_asg/ch[1]/dac_o_reg[5]/C     i_pid/i_pid12/kp_mult/A[19]    -0.747        
ps/system_i/axi_protocol_converter_0/inst/gen_axilite.gen_b2s_conv.axilite_b2s/RD.ar_channel_0/cmd_translator_0/incr_cmd_0/sel_first_reg/C
                               ps/system_i/xadc/inst/AXI_XADC_CORE_I/XADC_INST/DADDR[0]
                                                              -0.640        
ps/system_i/axi_protocol_converter_0/inst/gen_axilite.gen_b2s_conv.axilite_b2s/SI_REG/aw_pipe/m_payload_i_reg[4]/C
                               ps/system_i/xadc/inst/AXI_XADC_CORE_I/XADC_INST/DADDR[2]
                                                              -0.592        
ps/system_i/axi_protocol_converter_0/inst/gen_axilite.gen_b2s_conv.axilite_b2s/SI_REG/ar_pipe/m_payload_i_reg[5]/C
                               ps/system_i/xadc/inst/AXI_LITE_IPIF_I/I_SLAVE_ATTACHMENT/I_DECODER/GEN_BKEND_CE_REGISTERS[1].ce_out_i_reg[1]/D
                                                              -0.465        
ps/system_i/axi_protocol_converter_0/inst/gen_axilite.gen_b2s_conv.axilite_b2s/SI_REG/ar_pipe/m_payload_i_reg[5]/C
                               ps/system_i/xadc/inst/AXI_LITE_IPIF_I/I_SLAVE_ATTACHMENT/I_DECODER/GEN_BKEND_CE_REGISTERS[2].ce_out_i_reg[2]/D
                                                              -0.455        
ps/system_i/processing_system7/inst/PS7_i/MAXIGP1ACLK
                               ps/system_i/xadc/inst/INTR_CTRLR_GEN_I.ip2bus_wrack_reg/D
                                                              -0.447        
ps/system_i/xadc/inst/INTR_CTRLR_GEN_I.ip2bus_rdack_reg/C
                               ps/system_i/axi_protocol_converter_0/inst/gen_axilite.gen_b2s_conv.axilite_b2s/RD.ar_channel_0/cmd_translator_0/incr_cmd_0/axaddr_incr_reg[5]/D
                                                              -0.413        
ps/system_i/xadc/inst/INTR_CTRLR_GEN_I.ip2bus_rdack_reg/C
                               ps/system_i/axi_protocol_converter_0/inst/gen_axilite.gen_b2s_conv.axilite_b2s/RD.ar_channel_0/cmd_translator_0/incr_cmd_0/axaddr_incr_reg[11]/D
                                                              -0.398        
ps/system_i/xadc/inst/AXI_LITE_IPIF_I/I_SLAVE_ATTACHMENT/INCLUDE_DPHASE_TIMER.dpto_cnt_reg[6]/C
                               ps/system_i/axi_protocol_converter_0/inst/gen_axilite.gen_b2s_conv.axilite_b2s/WR.aw_channel_0/cmd_translator_0/incr_cmd_0/axaddr_incr_reg[3]/D
                                                              -0.378        
ps/system_i/axi_protocol_converter_0/inst/gen_axilite.gen_b2s_conv.axilite_b2s/RD.ar_channel_0/ar_cmd_fsm_0/state_reg[1]/C
                               ps/system_i/axi_protocol_converter_0/inst/gen_axilite.gen_b2s_conv.axilite_b2s/RD.ar_channel_0/cmd_translator_0/wrap_cmd_0/wrap_second_len_r_reg[0]/R
                                                              -0.375        
ps/system_i/axi_protocol_converter_0/inst/gen_axilite.gen_b2s_conv.axilite_b2s/RD.ar_channel_0/ar_cmd_fsm_0/state_reg[1]/C
                               ps/system_i/axi_protocol_converter_0/inst/gen_axilite.gen_b2s_conv.axilite_b2s/RD.ar_channel_0/cmd_translator_0/wrap_cmd_0/wrap_second_len_r_reg[1]/R
                                                              -0.375        
ps/system_i/axi_protocol_converter_0/inst/gen_axilite.gen_b2s_conv.axilite_b2s/RD.ar_channel_0/ar_cmd_fsm_0/state_reg[1]/C
                               ps/system_i/axi_protocol_converter_0/inst/gen_axilite.gen_b2s_conv.axilite_b2s/RD.ar_channel_0/cmd_translator_0/wrap_cmd_0/wrap_second_len_r_reg[2]/R
                                                              -0.375        
ps/system_i/axi_protocol_converter_0/inst/gen_axilite.gen_b2s_conv.axilite_b2s/RD.ar_channel_0/ar_cmd_fsm_0/state_reg[1]/C
                               ps/system_i/axi_protocol_converter_0/inst/gen_axilite.gen_b2s_conv.axilite_b2s/RD.ar_channel_0/cmd_translator_0/wrap_cmd_0/wrap_second_len_r_reg[3]/R
                                                              -0.375        
ps/system_i/axi_protocol_converter_0/inst/gen_axilite.gen_b2s_conv.axilite_b2s/SI_REG/ar_pipe/m_payload_i_reg[5]/C
                               ps/system_i/xadc/inst/AXI_XADC_CORE_I/XADC_INST/DADDR[3]
                                                              -0.369        
ps/system_i/axi_protocol_converter_0/inst/gen_axilite.gen_b2s_conv.axilite_b2s/SI_REG/ar_pipe/m_payload_i_reg[6]/C
                               ps/system_i/xadc/inst/AXI_XADC_CORE_I/XADC_INST/DADDR[4]
                                                              -0.368        
ps/system_i/axi_protocol_converter_0/inst/gen_axilite.gen_b2s_conv.axilite_b2s/WR.aw_channel_0/aw_cmd_fsm_0/state_reg[0]/C
                               ps/system_i/axi_protocol_converter_0/inst/gen_axilite.gen_b2s_conv.axilite_b2s/WR.aw_channel_0/cmd_translator_0/wrap_cmd_0/wrap_second_len_r_reg[0]/R
                                                              -0.365        
ps/system_i/axi_protocol_converter_0/inst/gen_axilite.gen_b2s_conv.axilite_b2s/WR.aw_channel_0/aw_cmd_fsm_0/state_reg[0]/C
                               ps/system_i/axi_protocol_converter_0/inst/gen_axilite.gen_b2s_conv.axilite_b2s/WR.aw_channel_0/cmd_translator_0/wrap_cmd_0/wrap_second_len_r_reg[1]/R
                                                              -0.365        
ps/system_i/axi_protocol_converter_0/inst/gen_axilite.gen_b2s_conv.axilite_b2s/WR.aw_channel_0/aw_cmd_fsm_0/state_reg[0]/C
                               ps/system_i/axi_protocol_converter_0/inst/gen_axilite.gen_b2s_conv.axilite_b2s/WR.aw_channel_0/cmd_translator_0/wrap_cmd_0/wrap_second_len_r_reg[2]/R
                                                              -0.365        
ps/system_i/axi_protocol_converter_0/inst/gen_axilite.gen_b2s_conv.axilite_b2s/WR.aw_channel_0/aw_cmd_fsm_0/state_reg[0]/C
                               ps/system_i/axi_protocol_converter_0/inst/gen_axilite.gen_b2s_conv.axilite_b2s/WR.aw_channel_0/cmd_translator_0/wrap_cmd_0/wrap_second_len_r_reg[3]/R
                                                              -0.360        
ps/system_i/axi_protocol_converter_0/inst/gen_axilite.gen_b2s_conv.axilite_b2s/SI_REG/ar_pipe/m_payload_i_reg[5]/C
                               ps/system_i/xadc/inst/AXI_LITE_IPIF_I/I_SLAVE_ATTACHMENT/I_DECODER/GEN_BKEND_CE_REGISTERS[3].ce_out_i_reg[3]/D
                                                              -0.357        
ps/system_i/axi_protocol_converter_0/inst/gen_axilite.gen_b2s_conv.axilite_b2s/SI_REG/ar_pipe/m_payload_i_reg[6]/C
                               ps/system_i/xadc/inst/AXI_LITE_IPIF_I/I_SLAVE_ATTACHMENT/I_DECODER/GEN_BKEND_CE_REGISTERS[10].ce_out_i_reg[10]/D
                                                              -0.353        
ps/system_i/axi_protocol_converter_0/inst/gen_axilite.gen_b2s_conv.axilite_b2s/SI_REG/ar_pipe/m_payload_i_reg[5]/C
                               ps/system_i/xadc/inst/AXI_LITE_IPIF_I/I_SLAVE_ATTACHMENT/I_DECODER/GEN_BKEND_CE_REGISTERS[7].ce_out_i_reg[7]/D
                                                              -0.352        
ps/system_i/axi_protocol_converter_0/inst/gen_axilite.gen_b2s_conv.axilite_b2s/SI_REG/ar_pipe/m_payload_i_reg[7]/C
                               ps/system_i/xadc/inst/AXI_XADC_CORE_I/XADC_INST/DADDR[5]
                                                              -0.350        
ps/system_i/axi_protocol_converter_0/inst/gen_axilite.gen_b2s_conv.axilite_b2s/SI_REG/ar_pipe/m_payload_i_reg[6]/C
                               ps/system_i/xadc/inst/AXI_LITE_IPIF_I/I_SLAVE_ATTACHMENT/I_DECODER/GEN_BKEND_CE_REGISTERS[19].ce_out_i_reg[19]/D
                                                              -0.348        
ps/system_i/axi_protocol_converter_0/inst/gen_axilite.gen_b2s_conv.axilite_b2s/SI_REG/ar_pipe/m_payload_i_reg[6]/C
                               ps/system_i/xadc/inst/AXI_LITE_IPIF_I/I_SLAVE_ATTACHMENT/I_DECODER/GEN_BKEND_CE_REGISTERS[11].ce_out_i_reg[11]/D
                                                              -0.331        
ps/system_i/xadc/inst/INTR_CTRLR_GEN_I.ip2bus_rdack_reg/C
                               ps/system_i/axi_protocol_converter_0/inst/gen_axilite.gen_b2s_conv.axilite_b2s/RD.ar_channel_0/cmd_translator_0/incr_cmd_0/axaddr_incr_reg[4]/D
                                                              -0.323        
ps/system_i/axi_protocol_converter_0/inst/gen_axilite.gen_b2s_conv.axilite_b2s/SI_REG/ar_pipe/m_payload_i_reg[6]/C
                               ps/system_i/xadc/inst/AXI_LITE_IPIF_I/I_SLAVE_ATTACHMENT/I_DECODER/GEN_BKEND_CE_REGISTERS[9].ce_out_i_reg[9]/D
                                                              -0.319        
ps/system_i/axi_protocol_converter_0/inst/gen_axilite.gen_b2s_conv.axilite_b2s/SI_REG/ar_pipe/m_payload_i_reg[6]/C
                               ps/system_i/xadc/inst/AXI_LITE_IPIF_I/I_SLAVE_ATTACHMENT/I_DECODER/GEN_BKEND_CE_REGISTERS[14].ce_out_i_reg[14]/D
                                                              -0.314        
ps/system_i/axi_protocol_converter_0/inst/gen_axilite.gen_b2s_conv.axilite_b2s/SI_REG/ar_pipe/m_payload_i_reg[6]/C
                               ps/system_i/xadc/inst/AXI_LITE_IPIF_I/I_SLAVE_ATTACHMENT/I_DECODER/GEN_BKEND_CE_REGISTERS[8].ce_out_i_reg[8]/D
                                                              -0.310        
ps/system_i/axi_protocol_converter_0/inst/gen_axilite.gen_b2s_conv.axilite_b2s/SI_REG/ar_pipe/m_payload_i_reg[6]/C
                               ps/system_i/xadc/inst/AXI_LITE_IPIF_I/I_SLAVE_ATTACHMENT/I_DECODER/GEN_BKEND_CE_REGISTERS[12].ce_out_i_reg[12]/D
                                                              -0.304        
ps/system_i/axi_protocol_converter_0/inst/gen_axilite.gen_b2s_conv.axilite_b2s/SI_REG/ar_pipe/m_payload_i_reg[6]/C
                               ps/system_i/xadc/inst/AXI_LITE_IPIF_I/I_SLAVE_ATTACHMENT/I_DECODER/GEN_BKEND_CE_REGISTERS[23].ce_out_i_reg[23]/D
                                                              -0.303        
ps/system_i/axi_protocol_converter_0/inst/gen_axilite.gen_b2s_conv.axilite_b2s/SI_REG/ar_pipe/m_payload_i_reg[5]/C
                               ps/system_i/xadc/inst/AXI_LITE_IPIF_I/I_SLAVE_ATTACHMENT/I_DECODER/GEN_BKEND_CE_REGISTERS[4].ce_out_i_reg[4]/D
                                                              -0.302        
ps/system_i/axi_protocol_converter_0/inst/gen_axilite.gen_b2s_conv.axilite_b2s/SI_REG/ar_pipe/m_payload_i_reg[5]/C
                               ps/system_i/xadc/inst/AXI_LITE_IPIF_I/I_SLAVE_ATTACHMENT/I_DECODER/GEN_BKEND_CE_REGISTERS[6].ce_out_i_reg[6]/D
                                                              -0.298        
ps/system_i/axi_protocol_converter_0/inst/gen_axilite.gen_b2s_conv.axilite_b2s/SI_REG/aw_pipe/m_payload_i_reg[3]/C
                               ps/system_i/xadc/inst/AXI_XADC_CORE_I/XADC_INST/DADDR[1]
                                                              -0.296        
ps/system_i/axi_protocol_converter_0/inst/gen_axilite.gen_b2s_conv.axilite_b2s/SI_REG/ar_pipe/m_payload_i_reg[6]/C
                               ps/system_i/xadc/inst/AXI_LITE_IPIF_I/I_SLAVE_ATTACHMENT/I_DECODER/GEN_BKEND_CE_REGISTERS[22].ce_out_i_reg[22]/D
                                                              -0.276        
ps/system_i/xadc/inst/INTR_CTRLR_GEN_I.ip2bus_rdack_reg/C
                               ps/system_i/axi_protocol_converter_0/inst/gen_axilite.gen_b2s_conv.axilite_b2s/RD.ar_channel_0/cmd_translator_0/incr_cmd_0/axaddr_incr_reg[2]/D
                                                              -0.270        
pwm[3]/v_r_reg[0]/C            pwm[3]/pwm_o_reg/D             -0.260        
ps/system_i/axi_protocol_converter_0/inst/gen_axilite.gen_b2s_conv.axilite_b2s/SI_REG/ar_pipe/m_payload_i_reg[5]/C
                               ps/system_i/xadc/inst/AXI_LITE_IPIF_I/I_SLAVE_ATTACHMENT/I_DECODER/GEN_BKEND_CE_REGISTERS[0].ce_out_i_reg[0]/D
                                                              -0.252        
ps/system_i/xadc/inst/AXI_LITE_IPIF_I/I_SLAVE_ATTACHMENT/INCLUDE_DPHASE_TIMER.dpto_cnt_reg[6]/C
                               ps/system_i/axi_protocol_converter_0/inst/gen_axilite.gen_b2s_conv.axilite_b2s/WR.aw_channel_0/cmd_translator_0/incr_cmd_0/axaddr_incr_reg[9]/D
                                                              -0.218        
ps/system_i/axi_protocol_converter_0/inst/gen_axilite.gen_b2s_conv.axilite_b2s/RD.ar_channel_0/ar_cmd_fsm_0/state_reg[1]/C
                               ps/system_i/axi_protocol_converter_0/inst/gen_axilite.gen_b2s_conv.axilite_b2s/RD.ar_channel_0/cmd_translator_0/wrap_cmd_0/wrap_cnt_r_reg[1]/CE
                                                              -0.218        
ps/system_i/axi_protocol_converter_0/inst/gen_axilite.gen_b2s_conv.axilite_b2s/RD.ar_channel_0/cmd_translator_0/wrap_cmd_0/sel_first_reg/C
                               ps/system_i/xadc/inst/AXI_XADC_CORE_I/XADC_INST/DADDR[6]
                                                              -0.184        
ps/system_i/axi_protocol_converter_0/inst/gen_axilite.gen_b2s_conv.axilite_b2s/SI_REG/ar_pipe/m_payload_i_reg[6]/C
                               ps/system_i/xadc/inst/AXI_LITE_IPIF_I/I_SLAVE_ATTACHMENT/I_DECODER/GEN_BKEND_CE_REGISTERS[20].ce_out_i_reg[20]/D
                                                              -0.178        
pwm[2]/vcnt_r_reg[7]/C         pwm[2]/pwm_o_reg/D             -0.175        
pwm[1]/vcnt_r_reg[3]/C         pwm[1]/pwm_o_reg/D             -0.150        
ps/system_i/axi_protocol_converter_0/inst/gen_axilite.gen_b2s_conv.axilite_b2s/SI_REG/ar_pipe/m_payload_i_reg[5]/C
                               ps/system_i/xadc/inst/AXI_LITE_IPIF_I/I_SLAVE_ATTACHMENT/I_DECODER/GEN_BKEND_CE_REGISTERS[5].ce_out_i_reg[5]/D
                                                              -0.144        
ps/system_i/xadc/inst/AXI_LITE_IPIF_I/I_SLAVE_ATTACHMENT/INCLUDE_DPHASE_TIMER.dpto_cnt_reg[6]/C
                               ps/system_i/axi_protocol_converter_0/inst/gen_axilite.gen_b2s_conv.axilite_b2s/WR.aw_channel_0/cmd_translator_0/incr_cmd_0/axaddr_incr_reg[10]/D
                                                              -0.123        
ps/system_i/xadc/inst/AXI_LITE_IPIF_I/I_SLAVE_ATTACHMENT/INCLUDE_DPHASE_TIMER.dpto_cnt_reg[6]/C
                               ps/system_i/axi_protocol_converter_0/inst/gen_axilite.gen_b2s_conv.axilite_b2s/WR.aw_channel_0/cmd_translator_0/incr_cmd_0/axaddr_incr_reg[8]/D
                                                              -0.107        
ps/system_i/xadc/inst/AXI_LITE_IPIF_I/I_SLAVE_ATTACHMENT/INCLUDE_DPHASE_TIMER.dpto_cnt_reg[6]/C
                               ps/system_i/axi_protocol_converter_0/inst/gen_axilite.gen_b2s_conv.axilite_b2s/WR.aw_channel_0/cmd_translator_0/incr_cmd_0/axaddr_incr_reg[5]/D
                                                              -0.104        
ps/system_i/axi_protocol_converter_0/inst/gen_axilite.gen_b2s_conv.axilite_b2s/RD.ar_channel_0/cmd_translator_0/incr_cmd_0/sel_first_reg/C
                               ps/system_i/xadc/inst/AXI_LITE_IPIF_I/I_SLAVE_ATTACHMENT/I_DECODER/GEN_BKEND_CE_REGISTERS[15].ce_out_i_reg[15]/D
                                                              -0.095        
ps/system_i/axi_protocol_converter_0/inst/gen_axilite.gen_b2s_conv.axilite_b2s/SI_REG/ar_pipe/m_payload_i_reg[6]/C
                               ps/system_i/xadc/inst/AXI_LITE_IPIF_I/I_SLAVE_ATTACHMENT/I_DECODER/GEN_BKEND_CE_REGISTERS[17].ce_out_i_reg[17]/D
                                                              -0.087        
ps/system_i/axi_protocol_converter_0/inst/gen_axilite.gen_b2s_conv.axilite_b2s/SI_REG/ar_pipe/m_payload_i_reg[6]/C
                               ps/system_i/xadc/inst/AXI_LITE_IPIF_I/I_SLAVE_ATTACHMENT/I_DECODER/GEN_BKEND_CE_REGISTERS[18].ce_out_i_reg[18]/D
                                                              -0.085        
ps/system_i/xadc/inst/AXI_LITE_IPIF_I/I_SLAVE_ATTACHMENT/INCLUDE_DPHASE_TIMER.dpto_cnt_reg[6]/C
                               ps/system_i/axi_protocol_converter_0/inst/gen_axilite.gen_b2s_conv.axilite_b2s/WR.aw_channel_0/cmd_translator_0/incr_cmd_0/axaddr_incr_reg[7]/D
                                                              -0.083        
ps/system_i/axi_protocol_converter_0/inst/gen_axilite.gen_b2s_conv.axilite_b2s/SI_REG/ar_pipe/m_payload_i_reg[6]/C
                               ps/system_i/xadc/inst/AXI_LITE_IPIF_I/I_SLAVE_ATTACHMENT/I_DECODER/GEN_BKEND_CE_REGISTERS[16].ce_out_i_reg[16]/D
                                                              -0.083        
ps/system_i/axi_protocol_converter_0/inst/gen_axilite.gen_b2s_conv.axilite_b2s/SI_REG/ar_pipe/m_payload_i_reg[6]/C
                               ps/system_i/xadc/inst/AXI_LITE_IPIF_I/I_SLAVE_ATTACHMENT/I_DECODER/GEN_BKEND_CE_REGISTERS[21].ce_out_i_reg[21]/D
                                                              -0.074        
ps/system_i/axi_protocol_converter_0/inst/gen_axilite.gen_b2s_conv.axilite_b2s/SI_REG/ar_pipe/m_payload_i_reg[6]/C
                               ps/system_i/xadc/inst/AXI_LITE_IPIF_I/I_SLAVE_ATTACHMENT/I_DECODER/GEN_BKEND_CE_REGISTERS[13].ce_out_i_reg[13]/D
                                                              -0.072        
pwm[0]/vcnt_r_reg[4]/C         pwm[0]/pwm_o_reg/D             -0.048        
ps/system_i/xadc/inst/AXI_LITE_IPIF_I/I_SLAVE_ATTACHMENT/INCLUDE_DPHASE_TIMER.dpto_cnt_reg[6]/C
                               ps/system_i/axi_protocol_converter_0/inst/gen_axilite.gen_b2s_conv.axilite_b2s/WR.aw_channel_0/cmd_translator_0/incr_cmd_0/axaddr_incr_reg[6]/D
                                                              -0.009        
pwm[1]/bcnt_reg[3]/C           pwm[1]/v_reg[2]/CE             0.000         
pwm[1]/bcnt_reg[3]/C           pwm[1]/v_reg[4]/CE             0.000         
pwm[1]/bcnt_reg[3]/C           pwm[1]/v_reg[5]/CE             0.000         
pwm[1]/bcnt_reg[3]/C           pwm[1]/v_reg[6]/CE             0.000         
ps/system_i/xadc/inst/AXI_LITE_IPIF_I/I_SLAVE_ATTACHMENT/INCLUDE_DPHASE_TIMER.dpto_cnt_reg[6]/C
                               ps/system_i/axi_protocol_converter_0/inst/gen_axilite.gen_b2s_conv.axilite_b2s/WR.aw_channel_0/cmd_translator_0/incr_cmd_0/axaddr_incr_reg[4]/D
                                                              0.007         
ps/system_i/axi_protocol_converter_0/inst/gen_axilite.gen_b2s_conv.axilite_b2s/RD.r_channel_0/rd_data_fifo_0/cnt_read_reg[1]_rep__2/C
                               ps/system_i/axi_protocol_converter_0/inst/gen_axilite.gen_b2s_conv.axilite_b2s/RD.r_channel_0/rd_data_fifo_0/cnt_read_reg[4]_rep__0/D
                                                              0.017         
ps/system_i/axi_protocol_converter_0/inst/gen_axilite.gen_b2s_conv.axilite_b2s/RD.ar_channel_0/ar_cmd_fsm_0/state_reg[1]/C
                               ps/system_i/axi_protocol_converter_0/inst/gen_axilite.gen_b2s_conv.axilite_b2s/RD.ar_channel_0/cmd_translator_0/wrap_cmd_0/wrap_cnt_r_reg[0]/CE
                                                              0.036         
ps/system_i/axi_protocol_converter_0/inst/gen_axilite.gen_b2s_conv.axilite_b2s/RD.ar_channel_0/ar_cmd_fsm_0/state_reg[1]/C
                               ps/system_i/axi_protocol_converter_0/inst/gen_axilite.gen_b2s_conv.axilite_b2s/RD.ar_channel_0/cmd_translator_0/wrap_cmd_0/wrap_cnt_r_reg[2]/CE
                                                              0.036         
ps/system_i/axi_protocol_converter_0/inst/gen_axilite.gen_b2s_conv.axilite_b2s/RD.ar_channel_0/ar_cmd_fsm_0/state_reg[1]/C
                               ps/system_i/axi_protocol_converter_0/inst/gen_axilite.gen_b2s_conv.axilite_b2s/RD.ar_channel_0/cmd_translator_0/wrap_cmd_0/wrap_cnt_r_reg[3]/CE
                                                              0.036         
dac_dat_a_reg[1]/C             oddr_dac_dat[1]/D2             0.048         
ps/system_i/xadc/inst/INTR_CTRLR_GEN_I.ip2bus_rdack_reg/C
                               ps/system_i/axi_protocol_converter_0/inst/gen_axilite.gen_b2s_conv.axilite_b2s/RD.ar_channel_0/cmd_translator_0/incr_cmd_0/axaddr_incr_reg[9]/D
                                                              0.063         
ps/system_i/axi_protocol_converter_0/inst/gen_axilite.gen_b2s_conv.axilite_b2s/RD.ar_channel_0/ar_cmd_fsm_0/state_reg[1]/C
                               ps/system_i/axi_protocol_converter_0/inst/gen_axilite.gen_b2s_conv.axilite_b2s/RD.ar_channel_0/cmd_translator_0/incr_cmd_0/axaddr_incr_reg[0]/CE
                                                              0.068         
ps/system_i/axi_protocol_converter_0/inst/gen_axilite.gen_b2s_conv.axilite_b2s/RD.ar_channel_0/ar_cmd_fsm_0/state_reg[1]/C
                               ps/system_i/axi_protocol_converter_0/inst/gen_axilite.gen_b2s_conv.axilite_b2s/RD.ar_channel_0/cmd_translator_0/incr_cmd_0/axaddr_incr_reg[1]/CE
                                                              0.068         
ps/system_i/axi_protocol_converter_0/inst/gen_axilite.gen_b2s_conv.axilite_b2s/RD.ar_channel_0/ar_cmd_fsm_0/state_reg[1]/C
                               ps/system_i/axi_protocol_converter_0/inst/gen_axilite.gen_b2s_conv.axilite_b2s/RD.ar_channel_0/cmd_translator_0/incr_cmd_0/axaddr_incr_reg[3]/CE
                                                              0.068         
ps/system_i/axi_protocol_converter_0/inst/gen_axilite.gen_b2s_conv.axilite_b2s/WR.aw_channel_0/aw_cmd_fsm_0/state_reg[0]/C
                               ps/system_i/axi_protocol_converter_0/inst/gen_axilite.gen_b2s_conv.axilite_b2s/WR.aw_channel_0/cmd_translator_0/wrap_cmd_0/wrap_cnt_r_reg[3]/D
                                                              0.079         
ps/system_i/axi_protocol_converter_0/inst/gen_axilite.gen_b2s_conv.axilite_b2s/RD.r_channel_0/rd_data_fifo_0/cnt_read_reg[1]_rep__2/C
                               ps/system_i/axi_protocol_converter_0/inst/gen_axilite.gen_b2s_conv.axilite_b2s/RD.r_channel_0/rd_data_fifo_0/cnt_read_reg[4]_rep__2/D
                                                              0.095         
ps/system_i/axi_protocol_converter_0/inst/gen_axilite.gen_b2s_conv.axilite_b2s/RD.r_channel_0/rd_data_fifo_0/cnt_read_reg[1]_rep__2/C
                               ps/system_i/axi_protocol_converter_0/inst/gen_axilite.gen_b2s_conv.axilite_b2s/RD.r_channel_0/rd_data_fifo_0/cnt_read_reg[1]_rep__0/D
                                                              0.112         
ps/system_i/axi_protocol_converter_0/inst/gen_axilite.gen_b2s_conv.axilite_b2s/RD.r_channel_0/rd_data_fifo_0/cnt_read_reg[1]_rep__2/C
                               ps/system_i/axi_protocol_converter_0/inst/gen_axilite.gen_b2s_conv.axilite_b2s/RD.r_channel_0/rd_data_fifo_0/cnt_read_reg[4]_rep/D
                                                              0.118         
ps/system_i/processing_system7/inst/PS7_i/MAXIGP1ACLK
                               ps/system_i/xadc/inst/AXI_XADC_CORE_I/XADC_INST/DI[5]
                                                              0.120         
pwm_rstn_reg/C                 pwm[2]/pwm_o_reg/R             0.124         
ps/system_i/axi_protocol_converter_0/inst/gen_axilite.gen_b2s_conv.axilite_b2s/RD.r_channel_0/rd_data_fifo_0/cnt_read_reg[1]_rep__2/C
                               ps/system_i/axi_protocol_converter_0/inst/gen_axilite.gen_b2s_conv.axilite_b2s/RD.r_channel_0/rd_data_fifo_0/cnt_read_reg[4]_rep__1/D
                                                              0.134         
ps/system_i/processing_system7/inst/PS7_i/MAXIGP1ACLK
                               ps/system_i/xadc/inst/SOFT_RESET_I/reset_trig_reg/D
                                                              0.138         
ps/system_i/xadc/inst/INTR_CTRLR_GEN_I.ip2bus_rdack_reg/C
                               ps/system_i/axi_protocol_converter_0/inst/gen_axilite.gen_b2s_conv.axilite_b2s/RD.ar_channel_0/cmd_translator_0/incr_cmd_0/axaddr_incr_reg[10]/D
                                                              0.158         
ps/system_i/xadc/inst/INTR_CTRLR_GEN_I.ip2bus_rdack_reg/C
                               ps/system_i/axi_protocol_converter_0/inst/gen_axilite.gen_b2s_conv.axilite_b2s/RD.ar_channel_0/cmd_translator_0/incr_cmd_0/axaddr_incr_reg[8]/D
                                                              0.174         
ps/system_i/axi_protocol_converter_0/inst/gen_axilite.gen_b2s_conv.axilite_b2s/RD.ar_channel_0/ar_cmd_fsm_0/state_reg[1]/C
                               ps/system_i/axi_protocol_converter_0/inst/gen_axilite.gen_b2s_conv.axilite_b2s/RD.ar_channel_0/cmd_translator_0/incr_cmd_0/axaddr_incr_reg[6]/CE
                                                              0.189         
ps/system_i/axi_protocol_converter_0/inst/gen_axilite.gen_b2s_conv.axilite_b2s/RD.ar_channel_0/ar_cmd_fsm_0/state_reg[1]/C
                               ps/system_i/axi_protocol_converter_0/inst/gen_axilite.gen_b2s_conv.axilite_b2s/RD.ar_channel_0/cmd_translator_0/incr_cmd_0/axaddr_incr_reg[7]/CE
                                                              0.189         
dac_dat_a_reg[13]/C            oddr_dac_dat[13]/D2            0.190         
dac_dat_a_reg[3]/C             oddr_dac_dat[3]/D2             0.204         
ps/system_i/processing_system7/inst/PS7_i/MAXIGP1ACLK
                               ps/system_i/xadc/inst/AXI_XADC_CORE_I/XADC_INST/DI[2]
                                                              0.210         
pwm[0]/bcnt_reg[3]/C           pwm[0]/v_reg[4]/CE             0.211         
pwm[0]/bcnt_reg[3]/C           pwm[0]/v_reg[7]/CE             0.211         
pwm[1]/bcnt_reg[3]/C           pwm[1]/v_reg[0]/CE             0.226         
pwm[1]/bcnt_reg[3]/C           pwm[1]/v_reg[1]/CE             0.226         
pwm[1]/bcnt_reg[3]/C           pwm[1]/v_reg[3]/CE             0.226         
pwm[1]/bcnt_reg[3]/C           pwm[1]/v_reg[7]/CE             0.226         
ps/system_i/axi_protocol_converter_0/inst/gen_axilite.gen_b2s_conv.axilite_b2s/RD.ar_channel_0/ar_cmd_fsm_0/state_reg[1]/C
                               ps/system_i/axi_protocol_converter_0/inst/gen_axilite.gen_b2s_conv.axilite_b2s/RD.ar_channel_0/cmd_translator_0/wrap_cmd_0/wrap_cnt_r_reg[3]/D
                                                              0.227         
dac_dat_a_reg[5]/C             oddr_dac_dat[5]/D2             0.238         
ps/system_i/axi_protocol_converter_0/inst/gen_axilite.gen_b2s_conv.axilite_b2s/RD.r_channel_0/rd_data_fifo_0/cnt_read_reg[1]_rep__2/C
                               ps/system_i/axi_protocol_converter_0/inst/gen_axilite.gen_b2s_conv.axilite_b2s/RD.r_channel_0/rd_data_fifo_0/cnt_read_reg[1]_rep__1/D
                                                              0.238         
dac_dat_a_reg[2]/C             oddr_dac_dat[2]/D2             0.260         
dac_dat_a_reg[0]/C             oddr_dac_dat[0]/D2             0.292         
ps/system_i/axi_protocol_converter_0/inst/gen_axilite.gen_b2s_conv.axilite_b2s/RD.r_channel_0/rd_data_fifo_0/cnt_read_reg[1]_rep__2/C
                               ps/system_i/axi_protocol_converter_0/inst/gen_axilite.gen_b2s_conv.axilite_b2s/RD.r_channel_0/rd_data_fifo_0/cnt_read_reg[4]/D
                                                              0.304         
ps/system_i/xadc/inst/INTR_CTRLR_GEN_I.ip2bus_rdack_reg/C
                               ps/system_i/axi_protocol_converter_0/inst/gen_axilite.gen_b2s_conv.axilite_b2s/RD.ar_channel_0/cmd_translator_0/incr_cmd_0/axaddr_incr_reg[7]/D
                                                              0.307         
dac_dat_a_reg[12]/C            oddr_dac_dat[12]/D2            0.309         
ps/system_i/axi_protocol_converter_0/inst/gen_axilite.gen_b2s_conv.axilite_b2s/WR.aw_channel_0/aw_cmd_fsm_0/state_reg[0]/C
                               ps/system_i/axi_protocol_converter_0/inst/gen_axilite.gen_b2s_conv.axilite_b2s/WR.aw_channel_0/cmd_translator_0/wrap_cmd_0/wrap_cnt_r_reg[2]/D
                                                              0.313         
ps/system_i/axi_protocol_converter_0/inst/gen_axilite.gen_b2s_conv.axilite_b2s/RD.ar_channel_0/ar_cmd_fsm_0/state_reg[1]/C
                               ps/system_i/axi_protocol_converter_0/inst/gen_axilite.gen_b2s_conv.axilite_b2s/RD.ar_channel_0/cmd_translator_0/wrap_cmd_0/axlen_cnt_reg[2]/CE
                                                              0.321         
ps/system_i/axi_protocol_converter_0/inst/gen_axilite.gen_b2s_conv.axilite_b2s/RD.ar_channel_0/ar_cmd_fsm_0/state_reg[1]/C
                               ps/system_i/axi_protocol_converter_0/inst/gen_axilite.gen_b2s_conv.axilite_b2s/RD.ar_channel_0/cmd_translator_0/wrap_cmd_0/axlen_cnt_reg[3]/CE
                                                              0.321         
ps/system_i/xadc/inst/AXI_LITE_IPIF_I/I_SLAVE_ATTACHMENT/INCLUDE_DPHASE_TIMER.dpto_cnt_reg[6]/C
                               ps/system_i/axi_protocol_converter_0/inst/gen_axilite.gen_b2s_conv.axilite_b2s/WR.aw_channel_0/cmd_translator_0/incr_cmd_0/axaddr_incr_reg[2]/D
                                                              0.323         
ps/system_i/axi_protocol_converter_0/inst/gen_axilite.gen_b2s_conv.axilite_b2s/RD.ar_channel_0/ar_cmd_fsm_0/state_reg[1]/C
                               ps/system_i/axi_protocol_converter_0/inst/gen_axilite.gen_b2s_conv.axilite_b2s/RD.ar_channel_0/cmd_translator_0/incr_cmd_0/axaddr_incr_reg[4]/CE
                                                              0.325         
ps/system_i/axi_protocol_converter_0/inst/gen_axilite.gen_b2s_conv.axilite_b2s/RD.ar_channel_0/ar_cmd_fsm_0/state_reg[1]/C
                               ps/system_i/axi_protocol_converter_0/inst/gen_axilite.gen_b2s_conv.axilite_b2s/RD.ar_channel_0/cmd_translator_0/incr_cmd_0/axaddr_incr_reg[5]/CE
                                                              0.325         
ps/system_i/processing_system7/inst/PS7_i/MAXIGP1ACLK
                               ps/system_i/xadc/inst/INTR_CTRLR_GEN_I.ip2bus_data_int_reg[19]/D
                                                              0.330         
ps/system_i/axi_protocol_converter_0/inst/gen_axilite.gen_b2s_conv.axilite_b2s/RD.ar_channel_0/ar_cmd_fsm_0/state_reg[1]/C
                               ps/system_i/axi_protocol_converter_0/inst/gen_axilite.gen_b2s_conv.axilite_b2s/RD.ar_channel_0/cmd_translator_0/wrap_cmd_0/wrap_cnt_r_reg[2]/D
                                                              0.339         
ps/system_i/processing_system7/inst/PS7_i/MAXIGP1ACLK
                               ps/system_i/xadc/inst/AXI_XADC_CORE_I/XADC_INST/DI[13]
                                                              0.342         
dac_dat_a_reg[7]/C             oddr_dac_dat[7]/D2             0.347         
ps/system_i/axi_protocol_converter_0/inst/gen_axilite.gen_b2s_conv.axilite_b2s/RD.ar_channel_0/ar_cmd_fsm_0/state_reg[1]/C
                               ps/system_i/axi_protocol_converter_0/inst/gen_axilite.gen_b2s_conv.axilite_b2s/RD.ar_channel_0/cmd_translator_0/incr_cmd_0/axaddr_incr_reg[10]/CE
                                                              0.349         
ps/system_i/axi_protocol_converter_0/inst/gen_axilite.gen_b2s_conv.axilite_b2s/RD.ar_channel_0/ar_cmd_fsm_0/state_reg[1]/C
                               ps/system_i/axi_protocol_converter_0/inst/gen_axilite.gen_b2s_conv.axilite_b2s/RD.ar_channel_0/cmd_translator_0/incr_cmd_0/axaddr_incr_reg[8]/CE
                                                              0.349         
ps/system_i/axi_protocol_converter_0/inst/gen_axilite.gen_b2s_conv.axilite_b2s/RD.ar_channel_0/ar_cmd_fsm_0/state_reg[1]/C
                               ps/system_i/axi_protocol_converter_0/inst/gen_axilite.gen_b2s_conv.axilite_b2s/RD.ar_channel_0/cmd_translator_0/incr_cmd_0/axaddr_incr_reg[9]/CE
                                                              0.349         
pwm[0]/bcnt_reg[3]/C           pwm[0]/v_reg[0]/CE             0.351         
pwm[0]/bcnt_reg[3]/C           pwm[0]/v_reg[1]/CE             0.351         
pwm[0]/bcnt_reg[3]/C           pwm[0]/v_reg[2]/CE             0.351         
pwm[0]/bcnt_reg[3]/C           pwm[0]/v_reg[3]/CE             0.351         
pwm[0]/bcnt_reg[3]/C           pwm[0]/v_reg[5]/CE             0.351         
pwm[0]/bcnt_reg[3]/C           pwm[0]/v_reg[6]/CE             0.351         
ps/system_i/xadc/inst/INTR_CTRLR_GEN_I.ip2bus_rdack_reg/C
                               ps/system_i/axi_protocol_converter_0/inst/gen_axilite.gen_b2s_conv.axilite_b2s/RD.ar_channel_0/cmd_translator_0/incr_cmd_0/axaddr_incr_reg[6]/D
                                                              0.367         
pwm[2]/bcnt_reg[3]/C           pwm[2]/v_reg[4]/CE             0.370         
pwm[2]/bcnt_reg[3]/C           pwm[2]/v_reg[5]/CE             0.370         
pwm[2]/bcnt_reg[3]/C           pwm[2]/v_reg[6]/CE             0.370         
pwm[2]/bcnt_reg[3]/C           pwm[2]/v_reg[7]/CE             0.370         
ps/system_i/processing_system7/inst/PS7_i/MAXIGP1ACLK
                               ps/system_i/xadc/inst/INTR_CTRLR_GEN_I.INTERRUPT_CONTROL_I/GEN_IP_IRPT_STATUS_REG[2].GEN_REG_STATUS.ip_irpt_status_reg_reg[2]/D
                                                              0.374         
i_ams/dac_a_o_reg[15]/C        pwm[0]/b_reg[15]/D             0.374         
ps/system_i/processing_system7/inst/PS7_i/MAXIGP1ACLK
                               ps/system_i/xadc/inst/INTR_CTRLR_GEN_I.INTERRUPT_CONTROL_I/GEN_IP_IRPT_STATUS_REG[13].GEN_REG_STATUS.ip_irpt_status_reg_reg[13]/D
                                                              0.380         
ps/system_i/axi_protocol_converter_0/inst/gen_axilite.gen_b2s_conv.axilite_b2s/RD.ar_channel_0/ar_cmd_fsm_0/state_reg[1]/C
                               ps/system_i/axi_protocol_converter_0/inst/gen_axilite.gen_b2s_conv.axilite_b2s/RD.ar_channel_0/cmd_translator_0/incr_cmd_0/axaddr_incr_reg[2]/CE
                                                              0.381         
ps/system_i/processing_system7/inst/PS7_i/MAXIGP1ACLK
                               ps/system_i/xadc/inst/INTR_CTRLR_GEN_I.ip2bus_data_int_reg[18]/D
                                                              0.388         
ps/system_i/processing_system7/inst/PS7_i/MAXIGP1ACLK
                               ps/system_i/xadc/inst/AXI_XADC_CORE_I/XADC_INST/DI[12]
                                                              0.400         
pwm[2]/bcnt_reg[3]/C           pwm[2]/v_reg[0]/CE             0.406         
pwm[2]/bcnt_reg[3]/C           pwm[2]/v_reg[1]/CE             0.406         
pwm[2]/bcnt_reg[3]/C           pwm[2]/v_reg[2]/CE             0.406         
pwm[2]/bcnt_reg[3]/C           pwm[2]/v_reg[3]/CE             0.406         
ps/system_i/processing_system7/inst/PS7_i/MAXIGP1ACLK
                               ps/system_i/xadc/inst/INTR_CTRLR_GEN_I.ip2bus_data_int_reg[17]/D
                                                              0.432         
ps/system_i/axi_protocol_converter_0/inst/gen_axilite.gen_b2s_conv.axilite_b2s/RD.r_channel_0/rd_data_fifo_0/cnt_read_reg[1]_rep__2/C
                               ps/system_i/axi_protocol_converter_0/inst/gen_axilite.gen_b2s_conv.axilite_b2s/RD.r_channel_0/rd_data_fifo_0/cnt_read_reg[1]_rep__2/D
                                                              0.435         
ps/system_i/processing_system7/inst/PS7_i/MAXIGP1ACLK
                               ps/system_i/xadc/inst/INTR_CTRLR_GEN_I.INTERRUPT_CONTROL_I/ip_irpt_enable_reg_reg[11]/CE
                                                              0.441         
ps/system_i/processing_system7/inst/PS7_i/MAXIGP1ACLK
                               ps/system_i/xadc/inst/INTR_CTRLR_GEN_I.INTERRUPT_CONTROL_I/ip_irpt_enable_reg_reg[7]/CE
                                                              0.441         
dac_dat_a_reg[4]/C             oddr_dac_dat[4]/D2             0.453         
dac_dat_a_reg[11]/C            oddr_dac_dat[11]/D2            0.469         
dac_dat_a_reg[10]/C            oddr_dac_dat[10]/D2            0.477         
dac_dat_a_reg[8]/C             oddr_dac_dat[8]/D2             0.514         
dac_dat_a_reg[9]/C             oddr_dac_dat[9]/D2             0.540         
dac_rst_reg/C                  oddr_dac_dat[1]/R              0.555         
pwm[3]/vcnt_reg[4]/C           pwm[3]/v_reg[0]/CE             0.592         
pwm[3]/vcnt_reg[4]/C           pwm[3]/v_reg[1]/CE             0.592         
pwm[3]/vcnt_reg[4]/C           pwm[3]/v_reg[2]/CE             0.592         
pwm[3]/vcnt_reg[4]/C           pwm[3]/v_reg[3]/CE             0.592         
pwm[3]/vcnt_reg[4]/C           pwm[3]/v_reg[4]/CE             0.592         
pwm[3]/vcnt_reg[4]/C           pwm[3]/v_reg[5]/CE             0.592         
pwm[3]/vcnt_reg[4]/C           pwm[3]/v_reg[6]/CE             0.592         
pwm[3]/vcnt_reg[4]/C           pwm[3]/v_reg[7]/CE             0.592         
dac_rst_reg/C                  oddr_dac_dat[11]/R             0.606         
pwm[2]/v_reg[2]/C              pwm[2]/v_r_reg[6]/D            0.615         
pwm[2]/v_reg[2]/C              pwm[2]/v_r_reg[7]/D            0.667         
dac_rst_reg/C                  oddr_dac_dat[12]/R             0.673         
dac_dat_a_reg[6]/C             oddr_dac_dat[6]/D2             0.681         
dac_rst_reg/C                  oddr_dac_dat[8]/R              0.685         
pwm[1]/vcnt_reg[4]/C           pwm[1]/b_reg[10]/CE            0.692         
pwm[1]/vcnt_reg[4]/C           pwm[1]/b_reg[11]/CE            0.692         
pwm[1]/vcnt_reg[4]/C           pwm[1]/b_reg[4]/CE             0.692         
pwm[1]/vcnt_reg[4]/C           pwm[1]/b_reg[5]/CE             0.692         
dac_rst_reg/C                  oddr_dac_dat[13]/R             0.721         
pwm[1]/vcnt_reg[4]/C           pwm[1]/b_reg[12]/CE            0.742         
pwm[1]/vcnt_reg[4]/C           pwm[1]/b_reg[13]/CE            0.742         
pwm[1]/vcnt_reg[4]/C           pwm[1]/b_reg[14]/CE            0.742         
pwm[1]/vcnt_reg[4]/C           pwm[1]/b_reg[15]/CE            0.742         
dac_rst_reg/C                  oddr_dac_dat[7]/R              0.745         
pwm[2]/vcnt_reg[4]/C           pwm[2]/bcnt_reg[0]/CE          0.748         
pwm[2]/vcnt_reg[4]/C           pwm[2]/bcnt_reg[1]/CE          0.748         
pwm[2]/vcnt_reg[4]/C           pwm[2]/bcnt_reg[2]/CE          0.748         
pwm[2]/vcnt_reg[4]/C           pwm[2]/bcnt_reg[3]/CE          0.748         
i_ams/dac_b_o_reg[12]/C        pwm[1]/b_reg[12]/D             0.771         
pwm_rstn_reg/C                 pwm[2]/v_r_reg[0]/CE           0.775         
pwm_rstn_reg/C                 pwm[2]/v_r_reg[1]/CE           0.775         
pwm_rstn_reg/C                 pwm[2]/vcnt_r_reg[0]/CE        0.775         
pwm_rstn_reg/C                 pwm[2]/vcnt_r_reg[1]/CE        0.775         
i_ams/dac_b_o_reg[13]/C        pwm[1]/b_reg[13]/D             0.796         
dac_rst_reg/C                  oddr_dac_dat[9]/R              0.824         
dac_rst_reg/C                  oddr_dac_dat[2]/R              0.835         
pwm[2]/vcnt_reg[6]/C           pwm[2]/b_reg[5]/CE             0.836         
pwm[2]/vcnt_reg[6]/C           pwm[2]/b_reg[6]/CE             0.836         
pwm[2]/vcnt_reg[6]/C           pwm[2]/b_reg[7]/CE             0.836         
pwm[2]/vcnt_reg[6]/C           pwm[2]/b_reg[8]/CE             0.836         
i_ams/dac_a_o_reg[14]/C        pwm[0]/b_reg[14]/D             0.891         
dac_rst_reg/C                  oddr_dac_dat[6]/R              0.892         
pwm_rstn_reg/C                 pwm[3]/pwm_o_reg/R             0.895         
pwm[1]/vcnt_reg[4]/C           pwm[1]/b_reg[0]/CE             0.895         
pwm[1]/vcnt_reg[4]/C           pwm[1]/b_reg[1]/CE             0.895         
pwm[1]/vcnt_reg[4]/C           pwm[1]/b_reg[2]/CE             0.895         
pwm[1]/vcnt_reg[4]/C           pwm[1]/b_reg[3]/CE             0.895         
pwm_rstn_reg/C                 pwm[2]/v_r_reg[2]/CE           0.915         
pwm_rstn_reg/C                 pwm[2]/v_r_reg[3]/CE           0.915         
pwm_rstn_reg/C                 pwm[2]/vcnt_r_reg[2]/CE        0.915         
pwm_rstn_reg/C                 pwm[2]/vcnt_r_reg[3]/CE        0.915         
pwm[3]/vcnt_reg[4]/C           pwm[3]/b_reg[7]/CE             0.919         
pwm[3]/vcnt_reg[4]/C           pwm[3]/b_reg[8]/CE             0.919         
pwm[3]/vcnt_reg[4]/C           pwm[3]/b_reg[9]/CE             0.919         
i_ams/dac_b_o_reg[8]/C         pwm[1]/b_reg[8]/D              0.926         
dac_rst_reg/C                  oddr_dac_dat[0]/R              0.929         
pwm_rstn_reg/C                 pwm[1]/pwm_o_reg/R             0.944         
pwm[3]/vcnt_reg[4]/C           pwm[3]/b_reg[6]/CE             0.956         
pwm_rstn_reg/C                 pwm[0]/pwm_o_reg/R             0.979         
dac_rst_reg/C                  oddr_dac_dat[3]/R              0.983         
i_ams/dac_c_o_reg[11]/C        pwm[2]/b_reg[11]/D             0.985         
pwm[2]/vcnt_reg[6]/C           pwm[2]/b_reg[13]/CE            0.986         
pwm[2]/vcnt_reg[6]/C           pwm[2]/b_reg[14]/CE            0.986         
pwm[2]/vcnt_reg[6]/C           pwm[2]/b_reg[2]/CE             0.986         
pwm[2]/vcnt_reg[6]/C           pwm[2]/b_reg[3]/CE             0.986         
pwm[2]/vcnt_reg[6]/C           pwm[2]/b_reg[10]/CE            1.000         
pwm[2]/vcnt_reg[6]/C           pwm[2]/b_reg[11]/CE            1.000         
pwm[2]/vcnt_reg[6]/C           pwm[2]/b_reg[12]/CE            1.000         
pwm[2]/vcnt_reg[6]/C           pwm[2]/b_reg[9]/CE             1.000         
pwm[2]/vcnt_reg[6]/C           pwm[2]/b_reg[4]/CE             1.000         
dac_rst_reg/C                  oddr_dac_dat[10]/R             1.002         
pwm[2]/v_reg[2]/C              pwm[2]/v_r_reg[5]/D            1.003         
i_ams/dac_a_o_reg[2]/C         pwm[0]/b_reg[2]/D              1.006         
pwm[2]/vcnt_reg[6]/C           pwm[2]/b_reg[1]/CE             1.012         
i_ams/dac_d_o_reg[4]/C         pwm[3]/b_reg[4]/D              1.039         
pwm[1]/vcnt_reg[4]/C           pwm[1]/b_reg[6]/CE             1.057         
pwm[1]/vcnt_reg[4]/C           pwm[1]/b_reg[7]/CE             1.057         
pwm[1]/vcnt_reg[4]/C           pwm[1]/b_reg[8]/CE             1.057         
pwm[1]/vcnt_reg[4]/C           pwm[1]/b_reg[9]/CE             1.057         
i_ams/dac_c_o_reg[21]/C        pwm[2]/v_reg[5]/D              1.060         
pwm[0]/vcnt_reg[2]/C           pwm[0]/b_reg[10]/CE            1.077         
pwm[0]/vcnt_reg[2]/C           pwm[0]/b_reg[7]/CE             1.077         
dac_rst_reg/C                  oddr_dac_dat[5]/R              1.090         
dac_rst_reg/C                  oddr_dac_sel/R                 1.127         
dac_rst_reg/C                  oddr_dac_dat[4]/R              1.128         
dac_rst_reg/C                  oddr_dac_rst/D2                1.738         
i_asg/ch[0]/dac_o_reg[9]/C     dac_dat_a_reg[12]/D            3.390         
i_asg/ch[0]/dac_o_reg[9]/C     dac_dat_a_reg[0]/D             3.451         
i_asg/ch[0]/dac_o_reg[9]/C     dac_dat_a_reg[1]/D             3.469         
i_asg/ch[0]/dac_o_reg[9]/C     dac_dat_a_reg[6]/D             3.502         
i_asg/ch[0]/dac_o_reg[9]/C     dac_dat_a_reg[7]/D             3.520         
i_asg/ch[0]/dac_o_reg[9]/C     dac_dat_a_reg[10]/D            3.529         
dac_dat_b_reg[13]/C            oddr_dac_dat[13]/D1            3.531         
i_asg/ch[0]/dac_o_reg[9]/C     dac_dat_a_reg[2]/D             3.539         
i_asg/ch[0]/dac_o_reg[9]/C     dac_dat_a_reg[11]/D            3.547         
i_asg/ch[0]/dac_o_reg[9]/C     dac_dat_a_reg[3]/D             3.555         
i_asg/ch[0]/dac_o_reg[9]/C     dac_dat_a_reg[8]/D             3.593         
i_asg/ch[0]/dac_o_reg[9]/C     dac_dat_a_reg[4]/D             3.594         
i_asg/ch[0]/dac_o_reg[9]/C     dac_dat_a_reg[5]/D             3.608         
i_asg/ch[0]/dac_o_reg[9]/C     dac_dat_a_reg[9]/D             3.611         
i_asg/ch[0]/dac_o_reg[9]/C     dac_dat_a_reg[13]/D            3.635         
i_asg/ch[1]/dac_o_reg[5]/C     dac_dat_b_reg[0]/D             3.649         
i_asg/ch[1]/dac_o_reg[5]/C     dac_dat_b_reg[4]/D             3.658         
i_asg/ch[1]/dac_o_reg[5]/C     dac_dat_b_reg[8]/D             3.660         
i_asg/ch[1]/dac_o_reg[5]/C     dac_dat_b_reg[6]/D             3.661         
i_asg/ch[1]/dac_o_reg[5]/C     dac_dat_b_reg[1]/D             3.667         
dac_dat_b_reg[5]/C             oddr_dac_dat[5]/D1             3.668         
dac_dat_b_reg[1]/C             oddr_dac_dat[1]/D1             3.674         
i_asg/ch[1]/dac_o_reg[5]/C     dac_dat_b_reg[5]/D             3.674         
i_asg/ch[1]/dac_o_reg[5]/C     dac_dat_b_reg[7]/D             3.675         
i_asg/ch[1]/dac_o_reg[5]/C     dac_dat_b_reg[9]/D             3.678         
dac_dat_b_reg[3]/C             oddr_dac_dat[3]/D1             3.746         
i_asg/ch[1]/dac_o_reg[5]/C     dac_dat_b_reg[12]/D            3.885         
i_asg/ch[1]/dac_o_reg[5]/C     dac_dat_b_reg[13]/D            3.903         
i_asg/ch[1]/dac_o_reg[5]/C     dac_dat_b_reg[10]/D            3.908         
i_asg/ch[1]/dac_o_reg[5]/C     dac_dat_b_reg[11]/D            3.927         
dac_dat_b_reg[2]/C             oddr_dac_dat[2]/D1             4.028         
dac_dat_b_reg[4]/C             oddr_dac_dat[4]/D1             4.050         
i_asg/ch[1]/dac_o_reg[5]/C     dac_dat_b_reg[2]/D             4.088         
dac_dat_b_reg[11]/C            oddr_dac_dat[11]/D1            4.106         
i_asg/ch[1]/dac_o_reg[5]/C     dac_dat_b_reg[3]/D             4.108         
dac_dat_b_reg[10]/C            oddr_dac_dat[10]/D1            4.253         
dac_dat_b_reg[12]/C            oddr_dac_dat[12]/D1            4.337         
dac_dat_b_reg[9]/C             oddr_dac_dat[9]/D1             4.394         
dac_dat_b_reg[0]/C             oddr_dac_dat[0]/D1             4.421         
dac_dat_b_reg[6]/C             oddr_dac_dat[6]/D1             4.468         
dac_dat_b_reg[7]/C             oddr_dac_dat[7]/D1             4.495         
dac_dat_b_reg[8]/C             oddr_dac_dat[8]/D1             4.515         
dac_rst_reg/C                  oddr_dac_rst/D1                5.549         



